The system is: Linux - 3.16.0-30-generic - x86_64
Compiling the C compiler identification source file "CMakeCCompilerId.c" succeeded.
Compiler: /usr/bin/cc 
Build flags: 
Id flags: 

The output was:
0


Compilation of the C compiler identification source "CMakeCCompilerId.c" produced "a.out"

The C compiler identification is GNU, found in "/home/ilab/SSDS_PR17-master/SSDS/eigen3/build_dir/CMakeFiles/2.8.12.2/CompilerIdC/a.out"

Compiling the CXX compiler identification source file "CMakeCXXCompilerId.cpp" succeeded.
Compiler: /usr/bin/c++ 
Build flags: 
Id flags: 

The output was:
0


Compilation of the CXX compiler identification source "CMakeCXXCompilerId.cpp" produced "a.out"

The CXX compiler identification is GNU, found in "/home/ilab/SSDS_PR17-master/SSDS/eigen3/build_dir/CMakeFiles/2.8.12.2/CompilerIdCXX/a.out"

Determining if the C compiler works passed with the following output:
Change Dir: /home/ilab/SSDS_PR17-master/SSDS/eigen3/build_dir/CMakeFiles/CMakeTmp

Run Build Command:/usr/bin/make "cmTryCompileExec1485213903/fast"
/usr/bin/make -f CMakeFiles/cmTryCompileExec1485213903.dir/build.make CMakeFiles/cmTryCompileExec1485213903.dir/build
make[1]: Entering directory `/home/ilab/SSDS_PR17-master/SSDS/eigen3/build_dir/CMakeFiles/CMakeTmp'
/usr/bin/cmake -E cmake_progress_report /home/ilab/SSDS_PR17-master/SSDS/eigen3/build_dir/CMakeFiles/CMakeTmp/CMakeFiles 1
Building C object CMakeFiles/cmTryCompileExec1485213903.dir/testCCompiler.c.o
/usr/bin/cc    -o CMakeFiles/cmTryCompileExec1485213903.dir/testCCompiler.c.o   -c /home/ilab/SSDS_PR17-master/SSDS/eigen3/build_dir/CMakeFiles/CMakeTmp/testCCompiler.c
Linking C executable cmTryCompileExec1485213903
/usr/bin/cmake -E cmake_link_script CMakeFiles/cmTryCompileExec1485213903.dir/link.txt --verbose=1
/usr/bin/cc       CMakeFiles/cmTryCompileExec1485213903.dir/testCCompiler.c.o  -o cmTryCompileExec1485213903 -rdynamic 
make[1]: Leaving directory `/home/ilab/SSDS_PR17-master/SSDS/eigen3/build_dir/CMakeFiles/CMakeTmp'


Detecting C compiler ABI info compiled with the following output:
Change Dir: /home/ilab/SSDS_PR17-master/SSDS/eigen3/build_dir/CMakeFiles/CMakeTmp

Run Build Command:/usr/bin/make "cmTryCompileExec1561375207/fast"
/usr/bin/make -f CMakeFiles/cmTryCompileExec1561375207.dir/build.make CMakeFiles/cmTryCompileExec1561375207.dir/build
make[1]: Entering directory `/home/ilab/SSDS_PR17-master/SSDS/eigen3/build_dir/CMakeFiles/CMakeTmp'
/usr/bin/cmake -E cmake_progress_report /home/ilab/SSDS_PR17-master/SSDS/eigen3/build_dir/CMakeFiles/CMakeTmp/CMakeFiles 1
Building C object CMakeFiles/cmTryCompileExec1561375207.dir/CMakeCCompilerABI.c.o
/usr/bin/cc    -o CMakeFiles/cmTryCompileExec1561375207.dir/CMakeCCompilerABI.c.o   -c /usr/share/cmake-2.8/Modules/CMakeCCompilerABI.c
Linking C executable cmTryCompileExec1561375207
/usr/bin/cmake -E cmake_link_script CMakeFiles/cmTryCompileExec1561375207.dir/link.txt --verbose=1
/usr/bin/cc     -v CMakeFiles/cmTryCompileExec1561375207.dir/CMakeCCompilerABI.c.o  -o cmTryCompileExec1561375207 -rdynamic  
Using built-in specs.
COLLECT_GCC=/usr/bin/cc
COLLECT_LTO_WRAPPER=/usr/lib/gcc/x86_64-linux-gnu/4.8/lto-wrapper
Target: x86_64-linux-gnu
Configured with: ../src/configure -v --with-pkgversion='Ubuntu 4.8.4-2ubuntu1~14.04.3' --with-bugurl=file:///usr/share/doc/gcc-4.8/README.Bugs --enable-languages=c,c++,java,go,d,fortran,objc,obj-c++ --prefix=/usr --program-suffix=-4.8 --enable-shared --enable-linker-build-id --libexecdir=/usr/lib --without-included-gettext --enable-threads=posix --with-gxx-include-dir=/usr/include/c++/4.8 --libdir=/usr/lib --enable-nls --with-sysroot=/ --enable-clocale=gnu --enable-libstdcxx-debug --enable-libstdcxx-time=yes --enable-gnu-unique-object --disable-libmudflap --enable-plugin --with-system-zlib --disable-browser-plugin --enable-java-awt=gtk --enable-gtk-cairo --with-java-home=/usr/lib/jvm/java-1.5.0-gcj-4.8-amd64/jre --enable-java-home --with-jvm-root-dir=/usr/lib/jvm/java-1.5.0-gcj-4.8-amd64 --with-jvm-jar-dir=/usr/lib/jvm-exports/java-1.5.0-gcj-4.8-amd64 --with-arch-directory=amd64 --with-ecj-jar=/usr/share/java/eclipse-ecj.jar --enable-objc-gc --enable-multiarch --disable-werror --with-arch-32=i686 --with-abi=m64 --with-multilib-list=m32,m64,mx32 --with-tune=generic --enable-checking=release --build=x86_64-linux-gnu --host=x86_64-linux-gnu --target=x86_64-linux-gnu
Thread model: posix
gcc version 4.8.4 (Ubuntu 4.8.4-2ubuntu1~14.04.3) 
COMPILER_PATH=/usr/lib/gcc/x86_64-linux-gnu/4.8/:/usr/lib/gcc/x86_64-linux-gnu/4.8/:/usr/lib/gcc/x86_64-linux-gnu/:/usr/lib/gcc/x86_64-linux-gnu/4.8/:/usr/lib/gcc/x86_64-linux-gnu/
LIBRARY_PATH=/usr/lib/gcc/x86_64-linux-gnu/4.8/:/usr/lib/gcc/x86_64-linux-gnu/4.8/../../../x86_64-linux-gnu/:/usr/lib/gcc/x86_64-linux-gnu/4.8/../../../../lib/:/lib/x86_64-linux-gnu/:/lib/../lib/:/usr/lib/x86_64-linux-gnu/:/usr/lib/../lib/:/usr/lib/gcc/x86_64-linux-gnu/4.8/../../../:/lib/:/usr/lib/
COLLECT_GCC_OPTIONS='-v' '-o' 'cmTryCompileExec1561375207' '-rdynamic' '-mtune=generic' '-march=x86-64'
 /usr/lib/gcc/x86_64-linux-gnu/4.8/collect2 --sysroot=/ --build-id --eh-frame-hdr -m elf_x86_64 --hash-style=gnu --as-needed -export-dynamic -dynamic-linker /lib64/ld-linux-x86-64.so.2 -z relro -o cmTryCompileExec1561375207 /usr/lib/gcc/x86_64-linux-gnu/4.8/../../../x86_64-linux-gnu/crt1.o /usr/lib/gcc/x86_64-linux-gnu/4.8/../../../x86_64-linux-gnu/crti.o /usr/lib/gcc/x86_64-linux-gnu/4.8/crtbegin.o -L/usr/lib/gcc/x86_64-linux-gnu/4.8 -L/usr/lib/gcc/x86_64-linux-gnu/4.8/../../../x86_64-linux-gnu -L/usr/lib/gcc/x86_64-linux-gnu/4.8/../../../../lib -L/lib/x86_64-linux-gnu -L/lib/../lib -L/usr/lib/x86_64-linux-gnu -L/usr/lib/../lib -L/usr/lib/gcc/x86_64-linux-gnu/4.8/../../.. CMakeFiles/cmTryCompileExec1561375207.dir/CMakeCCompilerABI.c.o -lgcc --as-needed -lgcc_s --no-as-needed -lc -lgcc --as-needed -lgcc_s --no-as-needed /usr/lib/gcc/x86_64-linux-gnu/4.8/crtend.o /usr/lib/gcc/x86_64-linux-gnu/4.8/../../../x86_64-linux-gnu/crtn.o
make[1]: Leaving directory `/home/ilab/SSDS_PR17-master/SSDS/eigen3/build_dir/CMakeFiles/CMakeTmp'


Parsed C implicit link information from above output:
  link line regex: [^( *|.*[/\])(ld|([^/\]+-)?ld|collect2)[^/\]*( |$)]
  ignore line: [Change Dir: /home/ilab/SSDS_PR17-master/SSDS/eigen3/build_dir/CMakeFiles/CMakeTmp]
  ignore line: []
  ignore line: [Run Build Command:/usr/bin/make "cmTryCompileExec1561375207/fast"]
  ignore line: [/usr/bin/make -f CMakeFiles/cmTryCompileExec1561375207.dir/build.make CMakeFiles/cmTryCompileExec1561375207.dir/build]
  ignore line: [make[1]: Entering directory `/home/ilab/SSDS_PR17-master/SSDS/eigen3/build_dir/CMakeFiles/CMakeTmp']
  ignore line: [/usr/bin/cmake -E cmake_progress_report /home/ilab/SSDS_PR17-master/SSDS/eigen3/build_dir/CMakeFiles/CMakeTmp/CMakeFiles 1]
  ignore line: [Building C object CMakeFiles/cmTryCompileExec1561375207.dir/CMakeCCompilerABI.c.o]
  ignore line: [/usr/bin/cc    -o CMakeFiles/cmTryCompileExec1561375207.dir/CMakeCCompilerABI.c.o   -c /usr/share/cmake-2.8/Modules/CMakeCCompilerABI.c]
  ignore line: [Linking C executable cmTryCompileExec1561375207]
  ignore line: [/usr/bin/cmake -E cmake_link_script CMakeFiles/cmTryCompileExec1561375207.dir/link.txt --verbose=1]
  ignore line: [/usr/bin/cc     -v CMakeFiles/cmTryCompileExec1561375207.dir/CMakeCCompilerABI.c.o  -o cmTryCompileExec1561375207 -rdynamic  ]
  ignore line: [Using built-in specs.]
  ignore line: [COLLECT_GCC=/usr/bin/cc]
  ignore line: [COLLECT_LTO_WRAPPER=/usr/lib/gcc/x86_64-linux-gnu/4.8/lto-wrapper]
  ignore line: [Target: x86_64-linux-gnu]
  ignore line: [Configured with: ../src/configure -v --with-pkgversion='Ubuntu 4.8.4-2ubuntu1~14.04.3' --with-bugurl=file:///usr/share/doc/gcc-4.8/README.Bugs --enable-languages=c,c++,java,go,d,fortran,objc,obj-c++ --prefix=/usr --program-suffix=-4.8 --enable-shared --enable-linker-build-id --libexecdir=/usr/lib --without-included-gettext --enable-threads=posix --with-gxx-include-dir=/usr/include/c++/4.8 --libdir=/usr/lib --enable-nls --with-sysroot=/ --enable-clocale=gnu --enable-libstdcxx-debug --enable-libstdcxx-time=yes --enable-gnu-unique-object --disable-libmudflap --enable-plugin --with-system-zlib --disable-browser-plugin --enable-java-awt=gtk --enable-gtk-cairo --with-java-home=/usr/lib/jvm/java-1.5.0-gcj-4.8-amd64/jre --enable-java-home --with-jvm-root-dir=/usr/lib/jvm/java-1.5.0-gcj-4.8-amd64 --with-jvm-jar-dir=/usr/lib/jvm-exports/java-1.5.0-gcj-4.8-amd64 --with-arch-directory=amd64 --with-ecj-jar=/usr/share/java/eclipse-ecj.jar --enable-objc-gc --enable-multiarch --disable-werror --with-arch-32=i686 --with-abi=m64 --with-multilib-list=m32,m64,mx32 --with-tune=generic --enable-checking=release --build=x86_64-linux-gnu --host=x86_64-linux-gnu --target=x86_64-linux-gnu]
  ignore line: [Thread model: posix]
  ignore line: [gcc version 4.8.4 (Ubuntu 4.8.4-2ubuntu1~14.04.3) ]
  ignore line: [COMPILER_PATH=/usr/lib/gcc/x86_64-linux-gnu/4.8/:/usr/lib/gcc/x86_64-linux-gnu/4.8/:/usr/lib/gcc/x86_64-linux-gnu/:/usr/lib/gcc/x86_64-linux-gnu/4.8/:/usr/lib/gcc/x86_64-linux-gnu/]
  ignore line: [LIBRARY_PATH=/usr/lib/gcc/x86_64-linux-gnu/4.8/:/usr/lib/gcc/x86_64-linux-gnu/4.8/../../../x86_64-linux-gnu/:/usr/lib/gcc/x86_64-linux-gnu/4.8/../../../../lib/:/lib/x86_64-linux-gnu/:/lib/../lib/:/usr/lib/x86_64-linux-gnu/:/usr/lib/../lib/:/usr/lib/gcc/x86_64-linux-gnu/4.8/../../../:/lib/:/usr/lib/]
  ignore line: [COLLECT_GCC_OPTIONS='-v' '-o' 'cmTryCompileExec1561375207' '-rdynamic' '-mtune=generic' '-march=x86-64']
  link line: [ /usr/lib/gcc/x86_64-linux-gnu/4.8/collect2 --sysroot=/ --build-id --eh-frame-hdr -m elf_x86_64 --hash-style=gnu --as-needed -export-dynamic -dynamic-linker /lib64/ld-linux-x86-64.so.2 -z relro -o cmTryCompileExec1561375207 /usr/lib/gcc/x86_64-linux-gnu/4.8/../../../x86_64-linux-gnu/crt1.o /usr/lib/gcc/x86_64-linux-gnu/4.8/../../../x86_64-linux-gnu/crti.o /usr/lib/gcc/x86_64-linux-gnu/4.8/crtbegin.o -L/usr/lib/gcc/x86_64-linux-gnu/4.8 -L/usr/lib/gcc/x86_64-linux-gnu/4.8/../../../x86_64-linux-gnu -L/usr/lib/gcc/x86_64-linux-gnu/4.8/../../../../lib -L/lib/x86_64-linux-gnu -L/lib/../lib -L/usr/lib/x86_64-linux-gnu -L/usr/lib/../lib -L/usr/lib/gcc/x86_64-linux-gnu/4.8/../../.. CMakeFiles/cmTryCompileExec1561375207.dir/CMakeCCompilerABI.c.o -lgcc --as-needed -lgcc_s --no-as-needed -lc -lgcc --as-needed -lgcc_s --no-as-needed /usr/lib/gcc/x86_64-linux-gnu/4.8/crtend.o /usr/lib/gcc/x86_64-linux-gnu/4.8/../../../x86_64-linux-gnu/crtn.o]
    arg [/usr/lib/gcc/x86_64-linux-gnu/4.8/collect2] ==> ignore
    arg [--sysroot=/] ==> ignore
    arg [--build-id] ==> ignore
    arg [--eh-frame-hdr] ==> ignore
    arg [-m] ==> ignore
    arg [elf_x86_64] ==> ignore
    arg [--hash-style=gnu] ==> ignore
    arg [--as-needed] ==> ignore
    arg [-export-dynamic] ==> ignore
    arg [-dynamic-linker] ==> ignore
    arg [/lib64/ld-linux-x86-64.so.2] ==> ignore
    arg [-zrelro] ==> ignore
    arg [-o] ==> ignore
    arg [cmTryCompileExec1561375207] ==> ignore
    arg [/usr/lib/gcc/x86_64-linux-gnu/4.8/../../../x86_64-linux-gnu/crt1.o] ==> ignore
    arg [/usr/lib/gcc/x86_64-linux-gnu/4.8/../../../x86_64-linux-gnu/crti.o] ==> ignore
    arg [/usr/lib/gcc/x86_64-linux-gnu/4.8/crtbegin.o] ==> ignore
    arg [-L/usr/lib/gcc/x86_64-linux-gnu/4.8] ==> dir [/usr/lib/gcc/x86_64-linux-gnu/4.8]
    arg [-L/usr/lib/gcc/x86_64-linux-gnu/4.8/../../../x86_64-linux-gnu] ==> dir [/usr/lib/gcc/x86_64-linux-gnu/4.8/../../../x86_64-linux-gnu]
    arg [-L/usr/lib/gcc/x86_64-linux-gnu/4.8/../../../../lib] ==> dir [/usr/lib/gcc/x86_64-linux-gnu/4.8/../../../../lib]
    arg [-L/lib/x86_64-linux-gnu] ==> dir [/lib/x86_64-linux-gnu]
    arg [-L/lib/../lib] ==> dir [/lib/../lib]
    arg [-L/usr/lib/x86_64-linux-gnu] ==> dir [/usr/lib/x86_64-linux-gnu]
    arg [-L/usr/lib/../lib] ==> dir [/usr/lib/../lib]
    arg [-L/usr/lib/gcc/x86_64-linux-gnu/4.8/../../..] ==> dir [/usr/lib/gcc/x86_64-linux-gnu/4.8/../../..]
    arg [CMakeFiles/cmTryCompileExec1561375207.dir/CMakeCCompilerABI.c.o] ==> ignore
    arg [-lgcc] ==> lib [gcc]
    arg [--as-needed] ==> ignore
    arg [-lgcc_s] ==> lib [gcc_s]
    arg [--no-as-needed] ==> ignore
    arg [-lc] ==> lib [c]
    arg [-lgcc] ==> lib [gcc]
    arg [--as-needed] ==> ignore
    arg [-lgcc_s] ==> lib [gcc_s]
    arg [--no-as-needed] ==> ignore
    arg [/usr/lib/gcc/x86_64-linux-gnu/4.8/crtend.o] ==> ignore
    arg [/usr/lib/gcc/x86_64-linux-gnu/4.8/../../../x86_64-linux-gnu/crtn.o] ==> ignore
  remove lib [gcc]
  remove lib [gcc_s]
  remove lib [gcc]
  remove lib [gcc_s]
  collapse library dir [/usr/lib/gcc/x86_64-linux-gnu/4.8] ==> [/usr/lib/gcc/x86_64-linux-gnu/4.8]
  collapse library dir [/usr/lib/gcc/x86_64-linux-gnu/4.8/../../../x86_64-linux-gnu] ==> [/usr/lib/x86_64-linux-gnu]
  collapse library dir [/usr/lib/gcc/x86_64-linux-gnu/4.8/../../../../lib] ==> [/usr/lib]
  collapse library dir [/lib/x86_64-linux-gnu] ==> [/lib/x86_64-linux-gnu]
  collapse library dir [/lib/../lib] ==> [/lib]
  collapse library dir [/usr/lib/x86_64-linux-gnu] ==> [/usr/lib/x86_64-linux-gnu]
  collapse library dir [/usr/lib/../lib] ==> [/usr/lib]
  collapse library dir [/usr/lib/gcc/x86_64-linux-gnu/4.8/../../..] ==> [/usr/lib]
  implicit libs: [c]
  implicit dirs: [/usr/lib/gcc/x86_64-linux-gnu/4.8;/usr/lib/x86_64-linux-gnu;/usr/lib;/lib/x86_64-linux-gnu;/lib]
  implicit fwks: []


Determining if the CXX compiler works passed with the following output:
Change Dir: /home/ilab/SSDS_PR17-master/SSDS/eigen3/build_dir/CMakeFiles/CMakeTmp

Run Build Command:/usr/bin/make "cmTryCompileExec2026348293/fast"
/usr/bin/make -f CMakeFiles/cmTryCompileExec2026348293.dir/build.make CMakeFiles/cmTryCompileExec2026348293.dir/build
make[1]: Entering directory `/home/ilab/SSDS_PR17-master/SSDS/eigen3/build_dir/CMakeFiles/CMakeTmp'
/usr/bin/cmake -E cmake_progress_report /home/ilab/SSDS_PR17-master/SSDS/eigen3/build_dir/CMakeFiles/CMakeTmp/CMakeFiles 1
Building CXX object CMakeFiles/cmTryCompileExec2026348293.dir/testCXXCompiler.cxx.o
/usr/bin/c++     -o CMakeFiles/cmTryCompileExec2026348293.dir/testCXXCompiler.cxx.o -c /home/ilab/SSDS_PR17-master/SSDS/eigen3/build_dir/CMakeFiles/CMakeTmp/testCXXCompiler.cxx
Linking CXX executable cmTryCompileExec2026348293
/usr/bin/cmake -E cmake_link_script CMakeFiles/cmTryCompileExec2026348293.dir/link.txt --verbose=1
/usr/bin/c++        CMakeFiles/cmTryCompileExec2026348293.dir/testCXXCompiler.cxx.o  -o cmTryCompileExec2026348293 -rdynamic 
make[1]: Leaving directory `/home/ilab/SSDS_PR17-master/SSDS/eigen3/build_dir/CMakeFiles/CMakeTmp'


Detecting CXX compiler ABI info compiled with the following output:
Change Dir: /home/ilab/SSDS_PR17-master/SSDS/eigen3/build_dir/CMakeFiles/CMakeTmp

Run Build Command:/usr/bin/make "cmTryCompileExec727566681/fast"
/usr/bin/make -f CMakeFiles/cmTryCompileExec727566681.dir/build.make CMakeFiles/cmTryCompileExec727566681.dir/build
make[1]: Entering directory `/home/ilab/SSDS_PR17-master/SSDS/eigen3/build_dir/CMakeFiles/CMakeTmp'
/usr/bin/cmake -E cmake_progress_report /home/ilab/SSDS_PR17-master/SSDS/eigen3/build_dir/CMakeFiles/CMakeTmp/CMakeFiles 1
Building CXX object CMakeFiles/cmTryCompileExec727566681.dir/CMakeCXXCompilerABI.cpp.o
/usr/bin/c++     -o CMakeFiles/cmTryCompileExec727566681.dir/CMakeCXXCompilerABI.cpp.o -c /usr/share/cmake-2.8/Modules/CMakeCXXCompilerABI.cpp
Linking CXX executable cmTryCompileExec727566681
/usr/bin/cmake -E cmake_link_script CMakeFiles/cmTryCompileExec727566681.dir/link.txt --verbose=1
/usr/bin/c++      -v CMakeFiles/cmTryCompileExec727566681.dir/CMakeCXXCompilerABI.cpp.o  -o cmTryCompileExec727566681 -rdynamic  
Using built-in specs.
COLLECT_GCC=/usr/bin/c++
COLLECT_LTO_WRAPPER=/usr/lib/gcc/x86_64-linux-gnu/4.8/lto-wrapper
Target: x86_64-linux-gnu
Configured with: ../src/configure -v --with-pkgversion='Ubuntu 4.8.4-2ubuntu1~14.04.3' --with-bugurl=file:///usr/share/doc/gcc-4.8/README.Bugs --enable-languages=c,c++,java,go,d,fortran,objc,obj-c++ --prefix=/usr --program-suffix=-4.8 --enable-shared --enable-linker-build-id --libexecdir=/usr/lib --without-included-gettext --enable-threads=posix --with-gxx-include-dir=/usr/include/c++/4.8 --libdir=/usr/lib --enable-nls --with-sysroot=/ --enable-clocale=gnu --enable-libstdcxx-debug --enable-libstdcxx-time=yes --enable-gnu-unique-object --disable-libmudflap --enable-plugin --with-system-zlib --disable-browser-plugin --enable-java-awt=gtk --enable-gtk-cairo --with-java-home=/usr/lib/jvm/java-1.5.0-gcj-4.8-amd64/jre --enable-java-home --with-jvm-root-dir=/usr/lib/jvm/java-1.5.0-gcj-4.8-amd64 --with-jvm-jar-dir=/usr/lib/jvm-exports/java-1.5.0-gcj-4.8-amd64 --with-arch-directory=amd64 --with-ecj-jar=/usr/share/java/eclipse-ecj.jar --enable-objc-gc --enable-multiarch --disable-werror --with-arch-32=i686 --with-abi=m64 --with-multilib-list=m32,m64,mx32 --with-tune=generic --enable-checking=release --build=x86_64-linux-gnu --host=x86_64-linux-gnu --target=x86_64-linux-gnu
Thread model: posix
gcc version 4.8.4 (Ubuntu 4.8.4-2ubuntu1~14.04.3) 
COMPILER_PATH=/usr/lib/gcc/x86_64-linux-gnu/4.8/:/usr/lib/gcc/x86_64-linux-gnu/4.8/:/usr/lib/gcc/x86_64-linux-gnu/:/usr/lib/gcc/x86_64-linux-gnu/4.8/:/usr/lib/gcc/x86_64-linux-gnu/
LIBRARY_PATH=/usr/lib/gcc/x86_64-linux-gnu/4.8/:/usr/lib/gcc/x86_64-linux-gnu/4.8/../../../x86_64-linux-gnu/:/usr/lib/gcc/x86_64-linux-gnu/4.8/../../../../lib/:/lib/x86_64-linux-gnu/:/lib/../lib/:/usr/lib/x86_64-linux-gnu/:/usr/lib/../lib/:/usr/lib/gcc/x86_64-linux-gnu/4.8/../../../:/lib/:/usr/lib/
COLLECT_GCC_OPTIONS='-v' '-o' 'cmTryCompileExec727566681' '-rdynamic' '-shared-libgcc' '-mtune=generic' '-march=x86-64'
 /usr/lib/gcc/x86_64-linux-gnu/4.8/collect2 --sysroot=/ --build-id --eh-frame-hdr -m elf_x86_64 --hash-style=gnu --as-needed -export-dynamic -dynamic-linker /lib64/ld-linux-x86-64.so.2 -z relro -o cmTryCompileExec727566681 /usr/lib/gcc/x86_64-linux-gnu/4.8/../../../x86_64-linux-gnu/crt1.o /usr/lib/gcc/x86_64-linux-gnu/4.8/../../../x86_64-linux-gnu/crti.o /usr/lib/gcc/x86_64-linux-gnu/4.8/crtbegin.o -L/usr/lib/gcc/x86_64-linux-gnu/4.8 -L/usr/lib/gcc/x86_64-linux-gnu/4.8/../../../x86_64-linux-gnu -L/usr/lib/gcc/x86_64-linux-gnu/4.8/../../../../lib -L/lib/x86_64-linux-gnu -L/lib/../lib -L/usr/lib/x86_64-linux-gnu -L/usr/lib/../lib -L/usr/lib/gcc/x86_64-linux-gnu/4.8/../../.. CMakeFiles/cmTryCompileExec727566681.dir/CMakeCXXCompilerABI.cpp.o -lstdc++ -lm -lgcc_s -lgcc -lc -lgcc_s -lgcc /usr/lib/gcc/x86_64-linux-gnu/4.8/crtend.o /usr/lib/gcc/x86_64-linux-gnu/4.8/../../../x86_64-linux-gnu/crtn.o
make[1]: Leaving directory `/home/ilab/SSDS_PR17-master/SSDS/eigen3/build_dir/CMakeFiles/CMakeTmp'


Parsed CXX implicit link information from above output:
  link line regex: [^( *|.*[/\])(ld|([^/\]+-)?ld|collect2)[^/\]*( |$)]
  ignore line: [Change Dir: /home/ilab/SSDS_PR17-master/SSDS/eigen3/build_dir/CMakeFiles/CMakeTmp]
  ignore line: []
  ignore line: [Run Build Command:/usr/bin/make "cmTryCompileExec727566681/fast"]
  ignore line: [/usr/bin/make -f CMakeFiles/cmTryCompileExec727566681.dir/build.make CMakeFiles/cmTryCompileExec727566681.dir/build]
  ignore line: [make[1]: Entering directory `/home/ilab/SSDS_PR17-master/SSDS/eigen3/build_dir/CMakeFiles/CMakeTmp']
  ignore line: [/usr/bin/cmake -E cmake_progress_report /home/ilab/SSDS_PR17-master/SSDS/eigen3/build_dir/CMakeFiles/CMakeTmp/CMakeFiles 1]
  ignore line: [Building CXX object CMakeFiles/cmTryCompileExec727566681.dir/CMakeCXXCompilerABI.cpp.o]
  ignore line: [/usr/bin/c++     -o CMakeFiles/cmTryCompileExec727566681.dir/CMakeCXXCompilerABI.cpp.o -c /usr/share/cmake-2.8/Modules/CMakeCXXCompilerABI.cpp]
  ignore line: [Linking CXX executable cmTryCompileExec727566681]
  ignore line: [/usr/bin/cmake -E cmake_link_script CMakeFiles/cmTryCompileExec727566681.dir/link.txt --verbose=1]
  ignore line: [/usr/bin/c++      -v CMakeFiles/cmTryCompileExec727566681.dir/CMakeCXXCompilerABI.cpp.o  -o cmTryCompileExec727566681 -rdynamic  ]
  ignore line: [Using built-in specs.]
  ignore line: [COLLECT_GCC=/usr/bin/c++]
  ignore line: [COLLECT_LTO_WRAPPER=/usr/lib/gcc/x86_64-linux-gnu/4.8/lto-wrapper]
  ignore line: [Target: x86_64-linux-gnu]
  ignore line: [Configured with: ../src/configure -v --with-pkgversion='Ubuntu 4.8.4-2ubuntu1~14.04.3' --with-bugurl=file:///usr/share/doc/gcc-4.8/README.Bugs --enable-languages=c,c++,java,go,d,fortran,objc,obj-c++ --prefix=/usr --program-suffix=-4.8 --enable-shared --enable-linker-build-id --libexecdir=/usr/lib --without-included-gettext --enable-threads=posix --with-gxx-include-dir=/usr/include/c++/4.8 --libdir=/usr/lib --enable-nls --with-sysroot=/ --enable-clocale=gnu --enable-libstdcxx-debug --enable-libstdcxx-time=yes --enable-gnu-unique-object --disable-libmudflap --enable-plugin --with-system-zlib --disable-browser-plugin --enable-java-awt=gtk --enable-gtk-cairo --with-java-home=/usr/lib/jvm/java-1.5.0-gcj-4.8-amd64/jre --enable-java-home --with-jvm-root-dir=/usr/lib/jvm/java-1.5.0-gcj-4.8-amd64 --with-jvm-jar-dir=/usr/lib/jvm-exports/java-1.5.0-gcj-4.8-amd64 --with-arch-directory=amd64 --with-ecj-jar=/usr/share/java/eclipse-ecj.jar --enable-objc-gc --enable-multiarch --disable-werror --with-arch-32=i686 --with-abi=m64 --with-multilib-list=m32,m64,mx32 --with-tune=generic --enable-checking=release --build=x86_64-linux-gnu --host=x86_64-linux-gnu --target=x86_64-linux-gnu]
  ignore line: [Thread model: posix]
  ignore line: [gcc version 4.8.4 (Ubuntu 4.8.4-2ubuntu1~14.04.3) ]
  ignore line: [COMPILER_PATH=/usr/lib/gcc/x86_64-linux-gnu/4.8/:/usr/lib/gcc/x86_64-linux-gnu/4.8/:/usr/lib/gcc/x86_64-linux-gnu/:/usr/lib/gcc/x86_64-linux-gnu/4.8/:/usr/lib/gcc/x86_64-linux-gnu/]
  ignore line: [LIBRARY_PATH=/usr/lib/gcc/x86_64-linux-gnu/4.8/:/usr/lib/gcc/x86_64-linux-gnu/4.8/../../../x86_64-linux-gnu/:/usr/lib/gcc/x86_64-linux-gnu/4.8/../../../../lib/:/lib/x86_64-linux-gnu/:/lib/../lib/:/usr/lib/x86_64-linux-gnu/:/usr/lib/../lib/:/usr/lib/gcc/x86_64-linux-gnu/4.8/../../../:/lib/:/usr/lib/]
  ignore line: [COLLECT_GCC_OPTIONS='-v' '-o' 'cmTryCompileExec727566681' '-rdynamic' '-shared-libgcc' '-mtune=generic' '-march=x86-64']
  link line: [ /usr/lib/gcc/x86_64-linux-gnu/4.8/collect2 --sysroot=/ --build-id --eh-frame-hdr -m elf_x86_64 --hash-style=gnu --as-needed -export-dynamic -dynamic-linker /lib64/ld-linux-x86-64.so.2 -z relro -o cmTryCompileExec727566681 /usr/lib/gcc/x86_64-linux-gnu/4.8/../../../x86_64-linux-gnu/crt1.o /usr/lib/gcc/x86_64-linux-gnu/4.8/../../../x86_64-linux-gnu/crti.o /usr/lib/gcc/x86_64-linux-gnu/4.8/crtbegin.o -L/usr/lib/gcc/x86_64-linux-gnu/4.8 -L/usr/lib/gcc/x86_64-linux-gnu/4.8/../../../x86_64-linux-gnu -L/usr/lib/gcc/x86_64-linux-gnu/4.8/../../../../lib -L/lib/x86_64-linux-gnu -L/lib/../lib -L/usr/lib/x86_64-linux-gnu -L/usr/lib/../lib -L/usr/lib/gcc/x86_64-linux-gnu/4.8/../../.. CMakeFiles/cmTryCompileExec727566681.dir/CMakeCXXCompilerABI.cpp.o -lstdc++ -lm -lgcc_s -lgcc -lc -lgcc_s -lgcc /usr/lib/gcc/x86_64-linux-gnu/4.8/crtend.o /usr/lib/gcc/x86_64-linux-gnu/4.8/../../../x86_64-linux-gnu/crtn.o]
    arg [/usr/lib/gcc/x86_64-linux-gnu/4.8/collect2] ==> ignore
    arg [--sysroot=/] ==> ignore
    arg [--build-id] ==> ignore
    arg [--eh-frame-hdr] ==> ignore
    arg [-m] ==> ignore
    arg [elf_x86_64] ==> ignore
    arg [--hash-style=gnu] ==> ignore
    arg [--as-needed] ==> ignore
    arg [-export-dynamic] ==> ignore
    arg [-dynamic-linker] ==> ignore
    arg [/lib64/ld-linux-x86-64.so.2] ==> ignore
    arg [-zrelro] ==> ignore
    arg [-o] ==> ignore
    arg [cmTryCompileExec727566681] ==> ignore
    arg [/usr/lib/gcc/x86_64-linux-gnu/4.8/../../../x86_64-linux-gnu/crt1.o] ==> ignore
    arg [/usr/lib/gcc/x86_64-linux-gnu/4.8/../../../x86_64-linux-gnu/crti.o] ==> ignore
    arg [/usr/lib/gcc/x86_64-linux-gnu/4.8/crtbegin.o] ==> ignore
    arg [-L/usr/lib/gcc/x86_64-linux-gnu/4.8] ==> dir [/usr/lib/gcc/x86_64-linux-gnu/4.8]
    arg [-L/usr/lib/gcc/x86_64-linux-gnu/4.8/../../../x86_64-linux-gnu] ==> dir [/usr/lib/gcc/x86_64-linux-gnu/4.8/../../../x86_64-linux-gnu]
    arg [-L/usr/lib/gcc/x86_64-linux-gnu/4.8/../../../../lib] ==> dir [/usr/lib/gcc/x86_64-linux-gnu/4.8/../../../../lib]
    arg [-L/lib/x86_64-linux-gnu] ==> dir [/lib/x86_64-linux-gnu]
    arg [-L/lib/../lib] ==> dir [/lib/../lib]
    arg [-L/usr/lib/x86_64-linux-gnu] ==> dir [/usr/lib/x86_64-linux-gnu]
    arg [-L/usr/lib/../lib] ==> dir [/usr/lib/../lib]
    arg [-L/usr/lib/gcc/x86_64-linux-gnu/4.8/../../..] ==> dir [/usr/lib/gcc/x86_64-linux-gnu/4.8/../../..]
    arg [CMakeFiles/cmTryCompileExec727566681.dir/CMakeCXXCompilerABI.cpp.o] ==> ignore
    arg [-lstdc++] ==> lib [stdc++]
    arg [-lm] ==> lib [m]
    arg [-lgcc_s] ==> lib [gcc_s]
    arg [-lgcc] ==> lib [gcc]
    arg [-lc] ==> lib [c]
    arg [-lgcc_s] ==> lib [gcc_s]
    arg [-lgcc] ==> lib [gcc]
    arg [/usr/lib/gcc/x86_64-linux-gnu/4.8/crtend.o] ==> ignore
    arg [/usr/lib/gcc/x86_64-linux-gnu/4.8/../../../x86_64-linux-gnu/crtn.o] ==> ignore
  remove lib [gcc_s]
  remove lib [gcc]
  remove lib [gcc_s]
  remove lib [gcc]
  collapse library dir [/usr/lib/gcc/x86_64-linux-gnu/4.8] ==> [/usr/lib/gcc/x86_64-linux-gnu/4.8]
  collapse library dir [/usr/lib/gcc/x86_64-linux-gnu/4.8/../../../x86_64-linux-gnu] ==> [/usr/lib/x86_64-linux-gnu]
  collapse library dir [/usr/lib/gcc/x86_64-linux-gnu/4.8/../../../../lib] ==> [/usr/lib]
  collapse library dir [/lib/x86_64-linux-gnu] ==> [/lib/x86_64-linux-gnu]
  collapse library dir [/lib/../lib] ==> [/lib]
  collapse library dir [/usr/lib/x86_64-linux-gnu] ==> [/usr/lib/x86_64-linux-gnu]
  collapse library dir [/usr/lib/../lib] ==> [/usr/lib]
  collapse library dir [/usr/lib/gcc/x86_64-linux-gnu/4.8/../../..] ==> [/usr/lib]
  implicit libs: [stdc++;m;c]
  implicit dirs: [/usr/lib/gcc/x86_64-linux-gnu/4.8;/usr/lib/x86_64-linux-gnu;/usr/lib;/lib/x86_64-linux-gnu;/lib]
  implicit fwks: []


Performing C++ SOURCE FILE Test standard_math_library_linked_to_automatically succeded with the following output:
Change Dir: /home/ilab/SSDS_PR17-master/SSDS/eigen3/build_dir/CMakeFiles/CMakeTmp

Run Build Command:/usr/bin/make "cmTryCompileExec3062891396/fast"
/usr/bin/make -f CMakeFiles/cmTryCompileExec3062891396.dir/build.make CMakeFiles/cmTryCompileExec3062891396.dir/build
make[1]: Entering directory `/home/ilab/SSDS_PR17-master/SSDS/eigen3/build_dir/CMakeFiles/CMakeTmp'
/usr/bin/cmake -E cmake_progress_report /home/ilab/SSDS_PR17-master/SSDS/eigen3/build_dir/CMakeFiles/CMakeTmp/CMakeFiles 1
Building CXX object CMakeFiles/cmTryCompileExec3062891396.dir/src.cxx.o
/usr/bin/c++    -Dstandard_math_library_linked_to_automatically   -o CMakeFiles/cmTryCompileExec3062891396.dir/src.cxx.o -c /home/ilab/SSDS_PR17-master/SSDS/eigen3/build_dir/CMakeFiles/CMakeTmp/src.cxx
Linking CXX executable cmTryCompileExec3062891396
/usr/bin/cmake -E cmake_link_script CMakeFiles/cmTryCompileExec3062891396.dir/link.txt --verbose=1
/usr/bin/c++    -Dstandard_math_library_linked_to_automatically    CMakeFiles/cmTryCompileExec3062891396.dir/src.cxx.o  -o cmTryCompileExec3062891396 -rdynamic 
make[1]: Leaving directory `/home/ilab/SSDS_PR17-master/SSDS/eigen3/build_dir/CMakeFiles/CMakeTmp'

Source file was:
#include<cmath>
int main() { std::sin(0.0); std::log(0.0f); }
Performing C++ SOURCE FILE Test COMPILER_SUPPORT_WERROR succeded with the following output:
Change Dir: /home/ilab/SSDS_PR17-master/SSDS/eigen3/build_dir/CMakeFiles/CMakeTmp

Run Build Command:/usr/bin/make "cmTryCompileExec3771987606/fast"
/usr/bin/make -f CMakeFiles/cmTryCompileExec3771987606.dir/build.make CMakeFiles/cmTryCompileExec3771987606.dir/build
make[1]: Entering directory `/home/ilab/SSDS_PR17-master/SSDS/eigen3/build_dir/CMakeFiles/CMakeTmp'
/usr/bin/cmake -E cmake_progress_report /home/ilab/SSDS_PR17-master/SSDS/eigen3/build_dir/CMakeFiles/CMakeTmp/CMakeFiles 1
Building CXX object CMakeFiles/cmTryCompileExec3771987606.dir/src.cxx.o
/usr/bin/c++    -DCOMPILER_SUPPORT_WERROR   -Werror -o CMakeFiles/cmTryCompileExec3771987606.dir/src.cxx.o -c /home/ilab/SSDS_PR17-master/SSDS/eigen3/build_dir/CMakeFiles/CMakeTmp/src.cxx
Linking CXX executable cmTryCompileExec3771987606
/usr/bin/cmake -E cmake_link_script CMakeFiles/cmTryCompileExec3771987606.dir/link.txt --verbose=1
/usr/bin/c++    -DCOMPILER_SUPPORT_WERROR    CMakeFiles/cmTryCompileExec3771987606.dir/src.cxx.o  -o cmTryCompileExec3771987606 -rdynamic 
make[1]: Leaving directory `/home/ilab/SSDS_PR17-master/SSDS/eigen3/build_dir/CMakeFiles/CMakeTmp'

Source file was:
int main() { return 0;}
Performing C++ SOURCE FILE Test COMPILER_SUPPORT_pedantic succeded with the following output:
Change Dir: /home/ilab/SSDS_PR17-master/SSDS/eigen3/build_dir/CMakeFiles/CMakeTmp

Run Build Command:/usr/bin/make "cmTryCompileExec3842154840/fast"
/usr/bin/make -f CMakeFiles/cmTryCompileExec3842154840.dir/build.make CMakeFiles/cmTryCompileExec3842154840.dir/build
make[1]: Entering directory `/home/ilab/SSDS_PR17-master/SSDS/eigen3/build_dir/CMakeFiles/CMakeTmp'
/usr/bin/cmake -E cmake_progress_report /home/ilab/SSDS_PR17-master/SSDS/eigen3/build_dir/CMakeFiles/CMakeTmp/CMakeFiles 1
Building CXX object CMakeFiles/cmTryCompileExec3842154840.dir/src.cxx.o
/usr/bin/c++    -DCOMPILER_SUPPORT_pedantic -Werror   -pedantic -o CMakeFiles/cmTryCompileExec3842154840.dir/src.cxx.o -c /home/ilab/SSDS_PR17-master/SSDS/eigen3/build_dir/CMakeFiles/CMakeTmp/src.cxx
Linking CXX executable cmTryCompileExec3842154840
/usr/bin/cmake -E cmake_link_script CMakeFiles/cmTryCompileExec3842154840.dir/link.txt --verbose=1
/usr/bin/c++    -DCOMPILER_SUPPORT_pedantic -Werror    CMakeFiles/cmTryCompileExec3842154840.dir/src.cxx.o  -o cmTryCompileExec3842154840 -rdynamic 
make[1]: Leaving directory `/home/ilab/SSDS_PR17-master/SSDS/eigen3/build_dir/CMakeFiles/CMakeTmp'

Source file was:
int main() { return 0;}
Performing C++ SOURCE FILE Test COMPILER_SUPPORT_Wall succeded with the following output:
Change Dir: /home/ilab/SSDS_PR17-master/SSDS/eigen3/build_dir/CMakeFiles/CMakeTmp

Run Build Command:/usr/bin/make "cmTryCompileExec417050611/fast"
/usr/bin/make -f CMakeFiles/cmTryCompileExec417050611.dir/build.make CMakeFiles/cmTryCompileExec417050611.dir/build
make[1]: Entering directory `/home/ilab/SSDS_PR17-master/SSDS/eigen3/build_dir/CMakeFiles/CMakeTmp'
/usr/bin/cmake -E cmake_progress_report /home/ilab/SSDS_PR17-master/SSDS/eigen3/build_dir/CMakeFiles/CMakeTmp/CMakeFiles 1
Building CXX object CMakeFiles/cmTryCompileExec417050611.dir/src.cxx.o
/usr/bin/c++    -pedantic -DCOMPILER_SUPPORT_Wall -Werror   -Wall -o CMakeFiles/cmTryCompileExec417050611.dir/src.cxx.o -c /home/ilab/SSDS_PR17-master/SSDS/eigen3/build_dir/CMakeFiles/CMakeTmp/src.cxx
Linking CXX executable cmTryCompileExec417050611
/usr/bin/cmake -E cmake_link_script CMakeFiles/cmTryCompileExec417050611.dir/link.txt --verbose=1
/usr/bin/c++    -pedantic -DCOMPILER_SUPPORT_Wall -Werror    CMakeFiles/cmTryCompileExec417050611.dir/src.cxx.o  -o cmTryCompileExec417050611 -rdynamic 
make[1]: Leaving directory `/home/ilab/SSDS_PR17-master/SSDS/eigen3/build_dir/CMakeFiles/CMakeTmp'

Source file was:
int main() { return 0;}
Performing C++ SOURCE FILE Test COMPILER_SUPPORT_Wextra succeded with the following output:
Change Dir: /home/ilab/SSDS_PR17-master/SSDS/eigen3/build_dir/CMakeFiles/CMakeTmp

Run Build Command:/usr/bin/make "cmTryCompileExec3864031966/fast"
/usr/bin/make -f CMakeFiles/cmTryCompileExec3864031966.dir/build.make CMakeFiles/cmTryCompileExec3864031966.dir/build
make[1]: Entering directory `/home/ilab/SSDS_PR17-master/SSDS/eigen3/build_dir/CMakeFiles/CMakeTmp'
/usr/bin/cmake -E cmake_progress_report /home/ilab/SSDS_PR17-master/SSDS/eigen3/build_dir/CMakeFiles/CMakeTmp/CMakeFiles 1
Building CXX object CMakeFiles/cmTryCompileExec3864031966.dir/src.cxx.o
/usr/bin/c++    -pedantic -Wall -DCOMPILER_SUPPORT_Wextra -Werror   -Wextra -o CMakeFiles/cmTryCompileExec3864031966.dir/src.cxx.o -c /home/ilab/SSDS_PR17-master/SSDS/eigen3/build_dir/CMakeFiles/CMakeTmp/src.cxx
Linking CXX executable cmTryCompileExec3864031966
/usr/bin/cmake -E cmake_link_script CMakeFiles/cmTryCompileExec3864031966.dir/link.txt --verbose=1
/usr/bin/c++    -pedantic -Wall -DCOMPILER_SUPPORT_Wextra -Werror    CMakeFiles/cmTryCompileExec3864031966.dir/src.cxx.o  -o cmTryCompileExec3864031966 -rdynamic 
make[1]: Leaving directory `/home/ilab/SSDS_PR17-master/SSDS/eigen3/build_dir/CMakeFiles/CMakeTmp'

Source file was:
int main() { return 0;}
Performing C++ SOURCE FILE Test COMPILER_SUPPORT_Wundef succeded with the following output:
Change Dir: /home/ilab/SSDS_PR17-master/SSDS/eigen3/build_dir/CMakeFiles/CMakeTmp

Run Build Command:/usr/bin/make "cmTryCompileExec3980816664/fast"
/usr/bin/make -f CMakeFiles/cmTryCompileExec3980816664.dir/build.make CMakeFiles/cmTryCompileExec3980816664.dir/build
make[1]: Entering directory `/home/ilab/SSDS_PR17-master/SSDS/eigen3/build_dir/CMakeFiles/CMakeTmp'
/usr/bin/cmake -E cmake_progress_report /home/ilab/SSDS_PR17-master/SSDS/eigen3/build_dir/CMakeFiles/CMakeTmp/CMakeFiles 1
Building CXX object CMakeFiles/cmTryCompileExec3980816664.dir/src.cxx.o
/usr/bin/c++    -pedantic -Wall -Wextra -DCOMPILER_SUPPORT_Wundef -Werror   -Wundef -o CMakeFiles/cmTryCompileExec3980816664.dir/src.cxx.o -c /home/ilab/SSDS_PR17-master/SSDS/eigen3/build_dir/CMakeFiles/CMakeTmp/src.cxx
Linking CXX executable cmTryCompileExec3980816664
/usr/bin/cmake -E cmake_link_script CMakeFiles/cmTryCompileExec3980816664.dir/link.txt --verbose=1
/usr/bin/c++    -pedantic -Wall -Wextra -DCOMPILER_SUPPORT_Wundef -Werror    CMakeFiles/cmTryCompileExec3980816664.dir/src.cxx.o  -o cmTryCompileExec3980816664 -rdynamic 
make[1]: Leaving directory `/home/ilab/SSDS_PR17-master/SSDS/eigen3/build_dir/CMakeFiles/CMakeTmp'

Source file was:
int main() { return 0;}
Performing C++ SOURCE FILE Test COMPILER_SUPPORT_Wcastalign succeded with the following output:
Change Dir: /home/ilab/SSDS_PR17-master/SSDS/eigen3/build_dir/CMakeFiles/CMakeTmp

Run Build Command:/usr/bin/make "cmTryCompileExec1050653017/fast"
/usr/bin/make -f CMakeFiles/cmTryCompileExec1050653017.dir/build.make CMakeFiles/cmTryCompileExec1050653017.dir/build
make[1]: Entering directory `/home/ilab/SSDS_PR17-master/SSDS/eigen3/build_dir/CMakeFiles/CMakeTmp'
/usr/bin/cmake -E cmake_progress_report /home/ilab/SSDS_PR17-master/SSDS/eigen3/build_dir/CMakeFiles/CMakeTmp/CMakeFiles 1
Building CXX object CMakeFiles/cmTryCompileExec1050653017.dir/src.cxx.o
/usr/bin/c++    -pedantic -Wall -Wextra -Wundef -DCOMPILER_SUPPORT_Wcastalign -Werror   -Wcast-align -o CMakeFiles/cmTryCompileExec1050653017.dir/src.cxx.o -c /home/ilab/SSDS_PR17-master/SSDS/eigen3/build_dir/CMakeFiles/CMakeTmp/src.cxx
Linking CXX executable cmTryCompileExec1050653017
/usr/bin/cmake -E cmake_link_script CMakeFiles/cmTryCompileExec1050653017.dir/link.txt --verbose=1
/usr/bin/c++    -pedantic -Wall -Wextra -Wundef -DCOMPILER_SUPPORT_Wcastalign -Werror    CMakeFiles/cmTryCompileExec1050653017.dir/src.cxx.o  -o cmTryCompileExec1050653017 -rdynamic 
make[1]: Leaving directory `/home/ilab/SSDS_PR17-master/SSDS/eigen3/build_dir/CMakeFiles/CMakeTmp'

Source file was:
int main() { return 0;}
Performing C++ SOURCE FILE Test COMPILER_SUPPORT_Wcharsubscripts succeded with the following output:
Change Dir: /home/ilab/SSDS_PR17-master/SSDS/eigen3/build_dir/CMakeFiles/CMakeTmp

Run Build Command:/usr/bin/make "cmTryCompileExec2556841644/fast"
/usr/bin/make -f CMakeFiles/cmTryCompileExec2556841644.dir/build.make CMakeFiles/cmTryCompileExec2556841644.dir/build
make[1]: Entering directory `/home/ilab/SSDS_PR17-master/SSDS/eigen3/build_dir/CMakeFiles/CMakeTmp'
/usr/bin/cmake -E cmake_progress_report /home/ilab/SSDS_PR17-master/SSDS/eigen3/build_dir/CMakeFiles/CMakeTmp/CMakeFiles 1
Building CXX object CMakeFiles/cmTryCompileExec2556841644.dir/src.cxx.o
/usr/bin/c++    -pedantic -Wall -Wextra -Wundef -Wcast-align -DCOMPILER_SUPPORT_Wcharsubscripts -Werror   -Wchar-subscripts -o CMakeFiles/cmTryCompileExec2556841644.dir/src.cxx.o -c /home/ilab/SSDS_PR17-master/SSDS/eigen3/build_dir/CMakeFiles/CMakeTmp/src.cxx
Linking CXX executable cmTryCompileExec2556841644
/usr/bin/cmake -E cmake_link_script CMakeFiles/cmTryCompileExec2556841644.dir/link.txt --verbose=1
/usr/bin/c++    -pedantic -Wall -Wextra -Wundef -Wcast-align -DCOMPILER_SUPPORT_Wcharsubscripts -Werror    CMakeFiles/cmTryCompileExec2556841644.dir/src.cxx.o  -o cmTryCompileExec2556841644 -rdynamic 
make[1]: Leaving directory `/home/ilab/SSDS_PR17-master/SSDS/eigen3/build_dir/CMakeFiles/CMakeTmp'

Source file was:
int main() { return 0;}
Performing C++ SOURCE FILE Test COMPILER_SUPPORT_Wnonvirtualdtor succeded with the following output:
Change Dir: /home/ilab/SSDS_PR17-master/SSDS/eigen3/build_dir/CMakeFiles/CMakeTmp

Run Build Command:/usr/bin/make "cmTryCompileExec3325770807/fast"
/usr/bin/make -f CMakeFiles/cmTryCompileExec3325770807.dir/build.make CMakeFiles/cmTryCompileExec3325770807.dir/build
make[1]: Entering directory `/home/ilab/SSDS_PR17-master/SSDS/eigen3/build_dir/CMakeFiles/CMakeTmp'
/usr/bin/cmake -E cmake_progress_report /home/ilab/SSDS_PR17-master/SSDS/eigen3/build_dir/CMakeFiles/CMakeTmp/CMakeFiles 1
Building CXX object CMakeFiles/cmTryCompileExec3325770807.dir/src.cxx.o
/usr/bin/c++    -pedantic -Wall -Wextra -Wundef -Wcast-align -Wchar-subscripts -DCOMPILER_SUPPORT_Wnonvirtualdtor -Werror   -Wnon-virtual-dtor -o CMakeFiles/cmTryCompileExec3325770807.dir/src.cxx.o -c /home/ilab/SSDS_PR17-master/SSDS/eigen3/build_dir/CMakeFiles/CMakeTmp/src.cxx
Linking CXX executable cmTryCompileExec3325770807
/usr/bin/cmake -E cmake_link_script CMakeFiles/cmTryCompileExec3325770807.dir/link.txt --verbose=1
/usr/bin/c++    -pedantic -Wall -Wextra -Wundef -Wcast-align -Wchar-subscripts -DCOMPILER_SUPPORT_Wnonvirtualdtor -Werror    CMakeFiles/cmTryCompileExec3325770807.dir/src.cxx.o  -o cmTryCompileExec3325770807 -rdynamic 
make[1]: Leaving directory `/home/ilab/SSDS_PR17-master/SSDS/eigen3/build_dir/CMakeFiles/CMakeTmp'

Source file was:
int main() { return 0;}
Performing C++ SOURCE FILE Test COMPILER_SUPPORT_Wunusedlocaltypedefs succeded with the following output:
Change Dir: /home/ilab/SSDS_PR17-master/SSDS/eigen3/build_dir/CMakeFiles/CMakeTmp

Run Build Command:/usr/bin/make "cmTryCompileExec78578810/fast"
/usr/bin/make -f CMakeFiles/cmTryCompileExec78578810.dir/build.make CMakeFiles/cmTryCompileExec78578810.dir/build
make[1]: Entering directory `/home/ilab/SSDS_PR17-master/SSDS/eigen3/build_dir/CMakeFiles/CMakeTmp'
/usr/bin/cmake -E cmake_progress_report /home/ilab/SSDS_PR17-master/SSDS/eigen3/build_dir/CMakeFiles/CMakeTmp/CMakeFiles 1
Building CXX object CMakeFiles/cmTryCompileExec78578810.dir/src.cxx.o
/usr/bin/c++    -pedantic -Wall -Wextra -Wundef -Wcast-align -Wchar-subscripts -Wnon-virtual-dtor -DCOMPILER_SUPPORT_Wunusedlocaltypedefs -Werror   -Wunused-local-typedefs -o CMakeFiles/cmTryCompileExec78578810.dir/src.cxx.o -c /home/ilab/SSDS_PR17-master/SSDS/eigen3/build_dir/CMakeFiles/CMakeTmp/src.cxx
Linking CXX executable cmTryCompileExec78578810
/usr/bin/cmake -E cmake_link_script CMakeFiles/cmTryCompileExec78578810.dir/link.txt --verbose=1
/usr/bin/c++    -pedantic -Wall -Wextra -Wundef -Wcast-align -Wchar-subscripts -Wnon-virtual-dtor -DCOMPILER_SUPPORT_Wunusedlocaltypedefs -Werror    CMakeFiles/cmTryCompileExec78578810.dir/src.cxx.o  -o cmTryCompileExec78578810 -rdynamic 
make[1]: Leaving directory `/home/ilab/SSDS_PR17-master/SSDS/eigen3/build_dir/CMakeFiles/CMakeTmp'

Source file was:
int main() { return 0;}
Performing C++ SOURCE FILE Test COMPILER_SUPPORT_Wpointerarith succeded with the following output:
Change Dir: /home/ilab/SSDS_PR17-master/SSDS/eigen3/build_dir/CMakeFiles/CMakeTmp

Run Build Command:/usr/bin/make "cmTryCompileExec587483494/fast"
/usr/bin/make -f CMakeFiles/cmTryCompileExec587483494.dir/build.make CMakeFiles/cmTryCompileExec587483494.dir/build
make[1]: Entering directory `/home/ilab/SSDS_PR17-master/SSDS/eigen3/build_dir/CMakeFiles/CMakeTmp'
/usr/bin/cmake -E cmake_progress_report /home/ilab/SSDS_PR17-master/SSDS/eigen3/build_dir/CMakeFiles/CMakeTmp/CMakeFiles 1
Building CXX object CMakeFiles/cmTryCompileExec587483494.dir/src.cxx.o
/usr/bin/c++    -pedantic -Wall -Wextra -Wundef -Wcast-align -Wchar-subscripts -Wnon-virtual-dtor -Wunused-local-typedefs -DCOMPILER_SUPPORT_Wpointerarith -Werror   -Wpointer-arith -o CMakeFiles/cmTryCompileExec587483494.dir/src.cxx.o -c /home/ilab/SSDS_PR17-master/SSDS/eigen3/build_dir/CMakeFiles/CMakeTmp/src.cxx
Linking CXX executable cmTryCompileExec587483494
/usr/bin/cmake -E cmake_link_script CMakeFiles/cmTryCompileExec587483494.dir/link.txt --verbose=1
/usr/bin/c++    -pedantic -Wall -Wextra -Wundef -Wcast-align -Wchar-subscripts -Wnon-virtual-dtor -Wunused-local-typedefs -DCOMPILER_SUPPORT_Wpointerarith -Werror    CMakeFiles/cmTryCompileExec587483494.dir/src.cxx.o  -o cmTryCompileExec587483494 -rdynamic 
make[1]: Leaving directory `/home/ilab/SSDS_PR17-master/SSDS/eigen3/build_dir/CMakeFiles/CMakeTmp'

Source file was:
int main() { return 0;}
Performing C++ SOURCE FILE Test COMPILER_SUPPORT_Wwritestrings succeded with the following output:
Change Dir: /home/ilab/SSDS_PR17-master/SSDS/eigen3/build_dir/CMakeFiles/CMakeTmp

Run Build Command:/usr/bin/make "cmTryCompileExec1115696181/fast"
/usr/bin/make -f CMakeFiles/cmTryCompileExec1115696181.dir/build.make CMakeFiles/cmTryCompileExec1115696181.dir/build
make[1]: Entering directory `/home/ilab/SSDS_PR17-master/SSDS/eigen3/build_dir/CMakeFiles/CMakeTmp'
/usr/bin/cmake -E cmake_progress_report /home/ilab/SSDS_PR17-master/SSDS/eigen3/build_dir/CMakeFiles/CMakeTmp/CMakeFiles 1
Building CXX object CMakeFiles/cmTryCompileExec1115696181.dir/src.cxx.o
/usr/bin/c++    -pedantic -Wall -Wextra -Wundef -Wcast-align -Wchar-subscripts -Wnon-virtual-dtor -Wunused-local-typedefs -Wpointer-arith -DCOMPILER_SUPPORT_Wwritestrings -Werror   -Wwrite-strings -o CMakeFiles/cmTryCompileExec1115696181.dir/src.cxx.o -c /home/ilab/SSDS_PR17-master/SSDS/eigen3/build_dir/CMakeFiles/CMakeTmp/src.cxx
Linking CXX executable cmTryCompileExec1115696181
/usr/bin/cmake -E cmake_link_script CMakeFiles/cmTryCompileExec1115696181.dir/link.txt --verbose=1
/usr/bin/c++    -pedantic -Wall -Wextra -Wundef -Wcast-align -Wchar-subscripts -Wnon-virtual-dtor -Wunused-local-typedefs -Wpointer-arith -DCOMPILER_SUPPORT_Wwritestrings -Werror    CMakeFiles/cmTryCompileExec1115696181.dir/src.cxx.o  -o cmTryCompileExec1115696181 -rdynamic 
make[1]: Leaving directory `/home/ilab/SSDS_PR17-master/SSDS/eigen3/build_dir/CMakeFiles/CMakeTmp'

Source file was:
int main() { return 0;}
Performing C++ SOURCE FILE Test COMPILER_SUPPORT_Wformatsecurity succeded with the following output:
Change Dir: /home/ilab/SSDS_PR17-master/SSDS/eigen3/build_dir/CMakeFiles/CMakeTmp

Run Build Command:/usr/bin/make "cmTryCompileExec1691182224/fast"
/usr/bin/make -f CMakeFiles/cmTryCompileExec1691182224.dir/build.make CMakeFiles/cmTryCompileExec1691182224.dir/build
make[1]: Entering directory `/home/ilab/SSDS_PR17-master/SSDS/eigen3/build_dir/CMakeFiles/CMakeTmp'
/usr/bin/cmake -E cmake_progress_report /home/ilab/SSDS_PR17-master/SSDS/eigen3/build_dir/CMakeFiles/CMakeTmp/CMakeFiles 1
Building CXX object CMakeFiles/cmTryCompileExec1691182224.dir/src.cxx.o
/usr/bin/c++    -pedantic -Wall -Wextra -Wundef -Wcast-align -Wchar-subscripts -Wnon-virtual-dtor -Wunused-local-typedefs -Wpointer-arith -Wwrite-strings -DCOMPILER_SUPPORT_Wformatsecurity -Werror   -Wformat-security -o CMakeFiles/cmTryCompileExec1691182224.dir/src.cxx.o -c /home/ilab/SSDS_PR17-master/SSDS/eigen3/build_dir/CMakeFiles/CMakeTmp/src.cxx
Linking CXX executable cmTryCompileExec1691182224
/usr/bin/cmake -E cmake_link_script CMakeFiles/cmTryCompileExec1691182224.dir/link.txt --verbose=1
/usr/bin/c++    -pedantic -Wall -Wextra -Wundef -Wcast-align -Wchar-subscripts -Wnon-virtual-dtor -Wunused-local-typedefs -Wpointer-arith -Wwrite-strings -DCOMPILER_SUPPORT_Wformatsecurity -Werror    CMakeFiles/cmTryCompileExec1691182224.dir/src.cxx.o  -o cmTryCompileExec1691182224 -rdynamic 
make[1]: Leaving directory `/home/ilab/SSDS_PR17-master/SSDS/eigen3/build_dir/CMakeFiles/CMakeTmp'

Source file was:
int main() { return 0;}
Performing C++ SOURCE FILE Test COMPILER_SUPPORT_Wlogicalop succeded with the following output:
Change Dir: /home/ilab/SSDS_PR17-master/SSDS/eigen3/build_dir/CMakeFiles/CMakeTmp

Run Build Command:/usr/bin/make "cmTryCompileExec2910286944/fast"
/usr/bin/make -f CMakeFiles/cmTryCompileExec2910286944.dir/build.make CMakeFiles/cmTryCompileExec2910286944.dir/build
make[1]: Entering directory `/home/ilab/SSDS_PR17-master/SSDS/eigen3/build_dir/CMakeFiles/CMakeTmp'
/usr/bin/cmake -E cmake_progress_report /home/ilab/SSDS_PR17-master/SSDS/eigen3/build_dir/CMakeFiles/CMakeTmp/CMakeFiles 1
Building CXX object CMakeFiles/cmTryCompileExec2910286944.dir/src.cxx.o
/usr/bin/c++    -pedantic -Wall -Wextra -Wundef -Wcast-align -Wchar-subscripts -Wnon-virtual-dtor -Wunused-local-typedefs -Wpointer-arith -Wwrite-strings -Wformat-security -DCOMPILER_SUPPORT_Wlogicalop -Werror   -Wlogical-op -o CMakeFiles/cmTryCompileExec2910286944.dir/src.cxx.o -c /home/ilab/SSDS_PR17-master/SSDS/eigen3/build_dir/CMakeFiles/CMakeTmp/src.cxx
Linking CXX executable cmTryCompileExec2910286944
/usr/bin/cmake -E cmake_link_script CMakeFiles/cmTryCompileExec2910286944.dir/link.txt --verbose=1
/usr/bin/c++    -pedantic -Wall -Wextra -Wundef -Wcast-align -Wchar-subscripts -Wnon-virtual-dtor -Wunused-local-typedefs -Wpointer-arith -Wwrite-strings -Wformat-security -DCOMPILER_SUPPORT_Wlogicalop -Werror    CMakeFiles/cmTryCompileExec2910286944.dir/src.cxx.o  -o cmTryCompileExec2910286944 -rdynamic 
make[1]: Leaving directory `/home/ilab/SSDS_PR17-master/SSDS/eigen3/build_dir/CMakeFiles/CMakeTmp'

Source file was:
int main() { return 0;}
Performing C++ SOURCE FILE Test COMPILER_SUPPORT_Wdoublepromotion succeded with the following output:
Change Dir: /home/ilab/SSDS_PR17-master/SSDS/eigen3/build_dir/CMakeFiles/CMakeTmp

Run Build Command:/usr/bin/make "cmTryCompileExec261791044/fast"
/usr/bin/make -f CMakeFiles/cmTryCompileExec261791044.dir/build.make CMakeFiles/cmTryCompileExec261791044.dir/build
make[1]: Entering directory `/home/ilab/SSDS_PR17-master/SSDS/eigen3/build_dir/CMakeFiles/CMakeTmp'
/usr/bin/cmake -E cmake_progress_report /home/ilab/SSDS_PR17-master/SSDS/eigen3/build_dir/CMakeFiles/CMakeTmp/CMakeFiles 1
Building CXX object CMakeFiles/cmTryCompileExec261791044.dir/src.cxx.o
/usr/bin/c++    -pedantic -Wall -Wextra -Wundef -Wcast-align -Wchar-subscripts -Wnon-virtual-dtor -Wunused-local-typedefs -Wpointer-arith -Wwrite-strings -Wformat-security -Wlogical-op -DCOMPILER_SUPPORT_Wdoublepromotion -Werror   -Wdouble-promotion -o CMakeFiles/cmTryCompileExec261791044.dir/src.cxx.o -c /home/ilab/SSDS_PR17-master/SSDS/eigen3/build_dir/CMakeFiles/CMakeTmp/src.cxx
Linking CXX executable cmTryCompileExec261791044
/usr/bin/cmake -E cmake_link_script CMakeFiles/cmTryCompileExec261791044.dir/link.txt --verbose=1
/usr/bin/c++    -pedantic -Wall -Wextra -Wundef -Wcast-align -Wchar-subscripts -Wnon-virtual-dtor -Wunused-local-typedefs -Wpointer-arith -Wwrite-strings -Wformat-security -Wlogical-op -DCOMPILER_SUPPORT_Wdoublepromotion -Werror    CMakeFiles/cmTryCompileExec261791044.dir/src.cxx.o  -o cmTryCompileExec261791044 -rdynamic 
make[1]: Leaving directory `/home/ilab/SSDS_PR17-master/SSDS/eigen3/build_dir/CMakeFiles/CMakeTmp'

Source file was:
int main() { return 0;}
Performing C++ SOURCE FILE Test COMPILER_SUPPORT_Wnopsabi succeded with the following output:
Change Dir: /home/ilab/SSDS_PR17-master/SSDS/eigen3/build_dir/CMakeFiles/CMakeTmp

Run Build Command:/usr/bin/make "cmTryCompileExec2913521506/fast"
/usr/bin/make -f CMakeFiles/cmTryCompileExec2913521506.dir/build.make CMakeFiles/cmTryCompileExec2913521506.dir/build
make[1]: Entering directory `/home/ilab/SSDS_PR17-master/SSDS/eigen3/build_dir/CMakeFiles/CMakeTmp'
/usr/bin/cmake -E cmake_progress_report /home/ilab/SSDS_PR17-master/SSDS/eigen3/build_dir/CMakeFiles/CMakeTmp/CMakeFiles 1
Building CXX object CMakeFiles/cmTryCompileExec2913521506.dir/src.cxx.o
/usr/bin/c++    -pedantic -Wall -Wextra -Wundef -Wcast-align -Wchar-subscripts -Wnon-virtual-dtor -Wunused-local-typedefs -Wpointer-arith -Wwrite-strings -Wformat-security -Wlogical-op -Wdouble-promotion -DCOMPILER_SUPPORT_Wnopsabi -Werror   -Wno-psabi -o CMakeFiles/cmTryCompileExec2913521506.dir/src.cxx.o -c /home/ilab/SSDS_PR17-master/SSDS/eigen3/build_dir/CMakeFiles/CMakeTmp/src.cxx
Linking CXX executable cmTryCompileExec2913521506
/usr/bin/cmake -E cmake_link_script CMakeFiles/cmTryCompileExec2913521506.dir/link.txt --verbose=1
/usr/bin/c++    -pedantic -Wall -Wextra -Wundef -Wcast-align -Wchar-subscripts -Wnon-virtual-dtor -Wunused-local-typedefs -Wpointer-arith -Wwrite-strings -Wformat-security -Wlogical-op -Wdouble-promotion -DCOMPILER_SUPPORT_Wnopsabi -Werror    CMakeFiles/cmTryCompileExec2913521506.dir/src.cxx.o  -o cmTryCompileExec2913521506 -rdynamic 
make[1]: Leaving directory `/home/ilab/SSDS_PR17-master/SSDS/eigen3/build_dir/CMakeFiles/CMakeTmp'

Source file was:
int main() { return 0;}
Performing C++ SOURCE FILE Test COMPILER_SUPPORT_Wnovariadicmacros succeded with the following output:
Change Dir: /home/ilab/SSDS_PR17-master/SSDS/eigen3/build_dir/CMakeFiles/CMakeTmp

Run Build Command:/usr/bin/make "cmTryCompileExec1024142528/fast"
/usr/bin/make -f CMakeFiles/cmTryCompileExec1024142528.dir/build.make CMakeFiles/cmTryCompileExec1024142528.dir/build
make[1]: Entering directory `/home/ilab/SSDS_PR17-master/SSDS/eigen3/build_dir/CMakeFiles/CMakeTmp'
/usr/bin/cmake -E cmake_progress_report /home/ilab/SSDS_PR17-master/SSDS/eigen3/build_dir/CMakeFiles/CMakeTmp/CMakeFiles 1
Building CXX object CMakeFiles/cmTryCompileExec1024142528.dir/src.cxx.o
/usr/bin/c++    -pedantic -Wall -Wextra -Wundef -Wcast-align -Wchar-subscripts -Wnon-virtual-dtor -Wunused-local-typedefs -Wpointer-arith -Wwrite-strings -Wformat-security -Wlogical-op -Wdouble-promotion -Wno-psabi -DCOMPILER_SUPPORT_Wnovariadicmacros -Werror   -Wno-variadic-macros -o CMakeFiles/cmTryCompileExec1024142528.dir/src.cxx.o -c /home/ilab/SSDS_PR17-master/SSDS/eigen3/build_dir/CMakeFiles/CMakeTmp/src.cxx
Linking CXX executable cmTryCompileExec1024142528
/usr/bin/cmake -E cmake_link_script CMakeFiles/cmTryCompileExec1024142528.dir/link.txt --verbose=1
/usr/bin/c++    -pedantic -Wall -Wextra -Wundef -Wcast-align -Wchar-subscripts -Wnon-virtual-dtor -Wunused-local-typedefs -Wpointer-arith -Wwrite-strings -Wformat-security -Wlogical-op -Wdouble-promotion -Wno-psabi -DCOMPILER_SUPPORT_Wnovariadicmacros -Werror    CMakeFiles/cmTryCompileExec1024142528.dir/src.cxx.o  -o cmTryCompileExec1024142528 -rdynamic 
make[1]: Leaving directory `/home/ilab/SSDS_PR17-master/SSDS/eigen3/build_dir/CMakeFiles/CMakeTmp'

Source file was:
int main() { return 0;}
Performing C++ SOURCE FILE Test COMPILER_SUPPORT_Wnolonglong succeded with the following output:
Change Dir: /home/ilab/SSDS_PR17-master/SSDS/eigen3/build_dir/CMakeFiles/CMakeTmp

Run Build Command:/usr/bin/make "cmTryCompileExec941476796/fast"
/usr/bin/make -f CMakeFiles/cmTryCompileExec941476796.dir/build.make CMakeFiles/cmTryCompileExec941476796.dir/build
make[1]: Entering directory `/home/ilab/SSDS_PR17-master/SSDS/eigen3/build_dir/CMakeFiles/CMakeTmp'
/usr/bin/cmake -E cmake_progress_report /home/ilab/SSDS_PR17-master/SSDS/eigen3/build_dir/CMakeFiles/CMakeTmp/CMakeFiles 1
Building CXX object CMakeFiles/cmTryCompileExec941476796.dir/src.cxx.o
/usr/bin/c++    -pedantic -Wall -Wextra -Wundef -Wcast-align -Wchar-subscripts -Wnon-virtual-dtor -Wunused-local-typedefs -Wpointer-arith -Wwrite-strings -Wformat-security -Wlogical-op -Wdouble-promotion -Wno-psabi -Wno-variadic-macros -DCOMPILER_SUPPORT_Wnolonglong -Werror   -Wno-long-long -o CMakeFiles/cmTryCompileExec941476796.dir/src.cxx.o -c /home/ilab/SSDS_PR17-master/SSDS/eigen3/build_dir/CMakeFiles/CMakeTmp/src.cxx
Linking CXX executable cmTryCompileExec941476796
/usr/bin/cmake -E cmake_link_script CMakeFiles/cmTryCompileExec941476796.dir/link.txt --verbose=1
/usr/bin/c++    -pedantic -Wall -Wextra -Wundef -Wcast-align -Wchar-subscripts -Wnon-virtual-dtor -Wunused-local-typedefs -Wpointer-arith -Wwrite-strings -Wformat-security -Wlogical-op -Wdouble-promotion -Wno-psabi -Wno-variadic-macros -DCOMPILER_SUPPORT_Wnolonglong -Werror    CMakeFiles/cmTryCompileExec941476796.dir/src.cxx.o  -o cmTryCompileExec941476796 -rdynamic 
make[1]: Leaving directory `/home/ilab/SSDS_PR17-master/SSDS/eigen3/build_dir/CMakeFiles/CMakeTmp'

Source file was:
int main() { return 0;}
Performing C++ SOURCE FILE Test COMPILER_SUPPORT_fnochecknew succeded with the following output:
Change Dir: /home/ilab/SSDS_PR17-master/SSDS/eigen3/build_dir/CMakeFiles/CMakeTmp

Run Build Command:/usr/bin/make "cmTryCompileExec3381012136/fast"
/usr/bin/make -f CMakeFiles/cmTryCompileExec3381012136.dir/build.make CMakeFiles/cmTryCompileExec3381012136.dir/build
make[1]: Entering directory `/home/ilab/SSDS_PR17-master/SSDS/eigen3/build_dir/CMakeFiles/CMakeTmp'
/usr/bin/cmake -E cmake_progress_report /home/ilab/SSDS_PR17-master/SSDS/eigen3/build_dir/CMakeFiles/CMakeTmp/CMakeFiles 1
Building CXX object CMakeFiles/cmTryCompileExec3381012136.dir/src.cxx.o
/usr/bin/c++    -pedantic -Wall -Wextra -Wundef -Wcast-align -Wchar-subscripts -Wnon-virtual-dtor -Wunused-local-typedefs -Wpointer-arith -Wwrite-strings -Wformat-security -Wlogical-op -Wdouble-promotion -Wno-psabi -Wno-variadic-macros -Wno-long-long -DCOMPILER_SUPPORT_fnochecknew -Werror   -fno-check-new -o CMakeFiles/cmTryCompileExec3381012136.dir/src.cxx.o -c /home/ilab/SSDS_PR17-master/SSDS/eigen3/build_dir/CMakeFiles/CMakeTmp/src.cxx
Linking CXX executable cmTryCompileExec3381012136
/usr/bin/cmake -E cmake_link_script CMakeFiles/cmTryCompileExec3381012136.dir/link.txt --verbose=1
/usr/bin/c++    -pedantic -Wall -Wextra -Wundef -Wcast-align -Wchar-subscripts -Wnon-virtual-dtor -Wunused-local-typedefs -Wpointer-arith -Wwrite-strings -Wformat-security -Wlogical-op -Wdouble-promotion -Wno-psabi -Wno-variadic-macros -Wno-long-long -DCOMPILER_SUPPORT_fnochecknew -Werror    CMakeFiles/cmTryCompileExec3381012136.dir/src.cxx.o  -o cmTryCompileExec3381012136 -rdynamic 
make[1]: Leaving directory `/home/ilab/SSDS_PR17-master/SSDS/eigen3/build_dir/CMakeFiles/CMakeTmp'

Source file was:
int main() { return 0;}
Performing C++ SOURCE FILE Test COMPILER_SUPPORT_fnocommon succeded with the following output:
Change Dir: /home/ilab/SSDS_PR17-master/SSDS/eigen3/build_dir/CMakeFiles/CMakeTmp

Run Build Command:/usr/bin/make "cmTryCompileExec8672281/fast"
/usr/bin/make -f CMakeFiles/cmTryCompileExec8672281.dir/build.make CMakeFiles/cmTryCompileExec8672281.dir/build
make[1]: Entering directory `/home/ilab/SSDS_PR17-master/SSDS/eigen3/build_dir/CMakeFiles/CMakeTmp'
/usr/bin/cmake -E cmake_progress_report /home/ilab/SSDS_PR17-master/SSDS/eigen3/build_dir/CMakeFiles/CMakeTmp/CMakeFiles 1
Building CXX object CMakeFiles/cmTryCompileExec8672281.dir/src.cxx.o
/usr/bin/c++    -pedantic -Wall -Wextra -Wundef -Wcast-align -Wchar-subscripts -Wnon-virtual-dtor -Wunused-local-typedefs -Wpointer-arith -Wwrite-strings -Wformat-security -Wlogical-op -Wdouble-promotion -Wno-psabi -Wno-variadic-macros -Wno-long-long -fno-check-new -DCOMPILER_SUPPORT_fnocommon -Werror   -fno-common -o CMakeFiles/cmTryCompileExec8672281.dir/src.cxx.o -c /home/ilab/SSDS_PR17-master/SSDS/eigen3/build_dir/CMakeFiles/CMakeTmp/src.cxx
Linking CXX executable cmTryCompileExec8672281
/usr/bin/cmake -E cmake_link_script CMakeFiles/cmTryCompileExec8672281.dir/link.txt --verbose=1
/usr/bin/c++    -pedantic -Wall -Wextra -Wundef -Wcast-align -Wchar-subscripts -Wnon-virtual-dtor -Wunused-local-typedefs -Wpointer-arith -Wwrite-strings -Wformat-security -Wlogical-op -Wdouble-promotion -Wno-psabi -Wno-variadic-macros -Wno-long-long -fno-check-new -DCOMPILER_SUPPORT_fnocommon -Werror    CMakeFiles/cmTryCompileExec8672281.dir/src.cxx.o  -o cmTryCompileExec8672281 -rdynamic 
make[1]: Leaving directory `/home/ilab/SSDS_PR17-master/SSDS/eigen3/build_dir/CMakeFiles/CMakeTmp'

Source file was:
int main() { return 0;}
Performing C++ SOURCE FILE Test COMPILER_SUPPORT_fstrictaliasing succeded with the following output:
Change Dir: /home/ilab/SSDS_PR17-master/SSDS/eigen3/build_dir/CMakeFiles/CMakeTmp

Run Build Command:/usr/bin/make "cmTryCompileExec1928638692/fast"
/usr/bin/make -f CMakeFiles/cmTryCompileExec1928638692.dir/build.make CMakeFiles/cmTryCompileExec1928638692.dir/build
make[1]: Entering directory `/home/ilab/SSDS_PR17-master/SSDS/eigen3/build_dir/CMakeFiles/CMakeTmp'
/usr/bin/cmake -E cmake_progress_report /home/ilab/SSDS_PR17-master/SSDS/eigen3/build_dir/CMakeFiles/CMakeTmp/CMakeFiles 1
Building CXX object CMakeFiles/cmTryCompileExec1928638692.dir/src.cxx.o
/usr/bin/c++    -pedantic -Wall -Wextra -Wundef -Wcast-align -Wchar-subscripts -Wnon-virtual-dtor -Wunused-local-typedefs -Wpointer-arith -Wwrite-strings -Wformat-security -Wlogical-op -Wdouble-promotion -Wno-psabi -Wno-variadic-macros -Wno-long-long -fno-check-new -fno-common -DCOMPILER_SUPPORT_fstrictaliasing -Werror   -fstrict-aliasing -o CMakeFiles/cmTryCompileExec1928638692.dir/src.cxx.o -c /home/ilab/SSDS_PR17-master/SSDS/eigen3/build_dir/CMakeFiles/CMakeTmp/src.cxx
Linking CXX executable cmTryCompileExec1928638692
/usr/bin/cmake -E cmake_link_script CMakeFiles/cmTryCompileExec1928638692.dir/link.txt --verbose=1
/usr/bin/c++    -pedantic -Wall -Wextra -Wundef -Wcast-align -Wchar-subscripts -Wnon-virtual-dtor -Wunused-local-typedefs -Wpointer-arith -Wwrite-strings -Wformat-security -Wlogical-op -Wdouble-promotion -Wno-psabi -Wno-variadic-macros -Wno-long-long -fno-check-new -fno-common -DCOMPILER_SUPPORT_fstrictaliasing -Werror    CMakeFiles/cmTryCompileExec1928638692.dir/src.cxx.o  -o cmTryCompileExec1928638692 -rdynamic 
make[1]: Leaving directory `/home/ilab/SSDS_PR17-master/SSDS/eigen3/build_dir/CMakeFiles/CMakeTmp'

Source file was:
int main() { return 0;}
Performing C++ SOURCE FILE Test COMPILER_SUPPORT_ansi succeded with the following output:
Change Dir: /home/ilab/SSDS_PR17-master/SSDS/eigen3/build_dir/CMakeFiles/CMakeTmp

Run Build Command:/usr/bin/make "cmTryCompileExec4205359051/fast"
/usr/bin/make -f CMakeFiles/cmTryCompileExec4205359051.dir/build.make CMakeFiles/cmTryCompileExec4205359051.dir/build
make[1]: Entering directory `/home/ilab/SSDS_PR17-master/SSDS/eigen3/build_dir/CMakeFiles/CMakeTmp'
/usr/bin/cmake -E cmake_progress_report /home/ilab/SSDS_PR17-master/SSDS/eigen3/build_dir/CMakeFiles/CMakeTmp/CMakeFiles 1
Building CXX object CMakeFiles/cmTryCompileExec4205359051.dir/src.cxx.o
/usr/bin/c++    -pedantic -Wall -Wextra -Wundef -Wcast-align -Wchar-subscripts -Wnon-virtual-dtor -Wunused-local-typedefs -Wpointer-arith -Wwrite-strings -Wformat-security -Wlogical-op -Wdouble-promotion -Wno-psabi -Wno-variadic-macros -Wno-long-long -fno-check-new -fno-common -fstrict-aliasing -DCOMPILER_SUPPORT_ansi -Werror   -ansi -o CMakeFiles/cmTryCompileExec4205359051.dir/src.cxx.o -c /home/ilab/SSDS_PR17-master/SSDS/eigen3/build_dir/CMakeFiles/CMakeTmp/src.cxx
Linking CXX executable cmTryCompileExec4205359051
/usr/bin/cmake -E cmake_link_script CMakeFiles/cmTryCompileExec4205359051.dir/link.txt --verbose=1
/usr/bin/c++    -pedantic -Wall -Wextra -Wundef -Wcast-align -Wchar-subscripts -Wnon-virtual-dtor -Wunused-local-typedefs -Wpointer-arith -Wwrite-strings -Wformat-security -Wlogical-op -Wdouble-promotion -Wno-psabi -Wno-variadic-macros -Wno-long-long -fno-check-new -fno-common -fstrict-aliasing -DCOMPILER_SUPPORT_ansi -Werror    CMakeFiles/cmTryCompileExec4205359051.dir/src.cxx.o  -o cmTryCompileExec4205359051 -rdynamic 
make[1]: Leaving directory `/home/ilab/SSDS_PR17-master/SSDS/eigen3/build_dir/CMakeFiles/CMakeTmp'

Source file was:
int main() { return 0;}
Performing C++ SOURCE FILE Test COMPILER_SUPPORT_OPENMP succeded with the following output:
Change Dir: /home/ilab/SSDS_PR17-master/SSDS/eigen3/build_dir/CMakeFiles/CMakeTmp

Run Build Command:/usr/bin/make "cmTryCompileExec1495012294/fast"
/usr/bin/make -f CMakeFiles/cmTryCompileExec1495012294.dir/build.make CMakeFiles/cmTryCompileExec1495012294.dir/build
make[1]: Entering directory `/home/ilab/SSDS_PR17-master/SSDS/eigen3/build_dir/CMakeFiles/CMakeTmp'
/usr/bin/cmake -E cmake_progress_report /home/ilab/SSDS_PR17-master/SSDS/eigen3/build_dir/CMakeFiles/CMakeTmp/CMakeFiles 1
Building CXX object CMakeFiles/cmTryCompileExec1495012294.dir/src.cxx.o
/usr/bin/c++    -pedantic -Wall -Wextra -Wundef -Wcast-align -Wchar-subscripts -Wnon-virtual-dtor -Wunused-local-typedefs -Wpointer-arith -Wwrite-strings -Wformat-security -Wlogical-op -Wdouble-promotion -Wno-psabi -Wno-variadic-macros -Wno-long-long -fno-check-new -fno-common -fstrict-aliasing -ansi -DCOMPILER_SUPPORT_OPENMP   -fopenmp -o CMakeFiles/cmTryCompileExec1495012294.dir/src.cxx.o -c /home/ilab/SSDS_PR17-master/SSDS/eigen3/build_dir/CMakeFiles/CMakeTmp/src.cxx
Linking CXX executable cmTryCompileExec1495012294
/usr/bin/cmake -E cmake_link_script CMakeFiles/cmTryCompileExec1495012294.dir/link.txt --verbose=1
/usr/bin/c++    -pedantic -Wall -Wextra -Wundef -Wcast-align -Wchar-subscripts -Wnon-virtual-dtor -Wunused-local-typedefs -Wpointer-arith -Wwrite-strings -Wformat-security -Wlogical-op -Wdouble-promotion -Wno-psabi -Wno-variadic-macros -Wno-long-long -fno-check-new -fno-common -fstrict-aliasing -ansi -DCOMPILER_SUPPORT_OPENMP    CMakeFiles/cmTryCompileExec1495012294.dir/src.cxx.o  -o cmTryCompileExec1495012294 -rdynamic 
make[1]: Leaving directory `/home/ilab/SSDS_PR17-master/SSDS/eigen3/build_dir/CMakeFiles/CMakeTmp'

Source file was:
int main() { return 0;}
Performing C++ SOURCE FILE Test EIGEN_COMPILER_SUPPORT_CPP11 succeded with the following output:
Change Dir: /home/ilab/SSDS_PR17-master/SSDS/eigen3/build_dir/CMakeFiles/CMakeTmp

Run Build Command:/usr/bin/make "cmTryCompileExec125486290/fast"
/usr/bin/make -f CMakeFiles/cmTryCompileExec125486290.dir/build.make CMakeFiles/cmTryCompileExec125486290.dir/build
make[1]: Entering directory `/home/ilab/SSDS_PR17-master/SSDS/eigen3/build_dir/CMakeFiles/CMakeTmp'
/usr/bin/cmake -E cmake_progress_report /home/ilab/SSDS_PR17-master/SSDS/eigen3/build_dir/CMakeFiles/CMakeTmp/CMakeFiles 1
Building CXX object CMakeFiles/cmTryCompileExec125486290.dir/src.cxx.o
/usr/bin/c++    -pedantic -Wall -Wextra -Wundef -Wcast-align -Wchar-subscripts -Wnon-virtual-dtor -Wunused-local-typedefs -Wpointer-arith -Wwrite-strings -Wformat-security -Wlogical-op -Wdouble-promotion -Wno-psabi -Wno-variadic-macros -Wno-long-long -fno-check-new -fno-common -fstrict-aliasing -ansi -O1 -g1 -DEIGEN_COMPILER_SUPPORT_CPP11   -std=c++11 -o CMakeFiles/cmTryCompileExec125486290.dir/src.cxx.o -c /home/ilab/SSDS_PR17-master/SSDS/eigen3/build_dir/CMakeFiles/CMakeTmp/src.cxx
Linking CXX executable cmTryCompileExec125486290
/usr/bin/cmake -E cmake_link_script CMakeFiles/cmTryCompileExec125486290.dir/link.txt --verbose=1
/usr/bin/c++    -pedantic -Wall -Wextra -Wundef -Wcast-align -Wchar-subscripts -Wnon-virtual-dtor -Wunused-local-typedefs -Wpointer-arith -Wwrite-strings -Wformat-security -Wlogical-op -Wdouble-promotion -Wno-psabi -Wno-variadic-macros -Wno-long-long -fno-check-new -fno-common -fstrict-aliasing -ansi -O1 -g1 -DEIGEN_COMPILER_SUPPORT_CPP11    CMakeFiles/cmTryCompileExec125486290.dir/src.cxx.o  -o cmTryCompileExec125486290 -rdynamic 
make[1]: Leaving directory `/home/ilab/SSDS_PR17-master/SSDS/eigen3/build_dir/CMakeFiles/CMakeTmp'

Source file was:
int main() { return 0;}
Performing C++ SOURCE FILE Test EIGEN_COMPILER_SUPPORT_CXX11 succeded with the following output:
Change Dir: /home/ilab/SSDS_PR17-master/SSDS/eigen3/build_dir/CMakeFiles/CMakeTmp

Run Build Command:/usr/bin/make "cmTryCompileExec4263487105/fast"
/usr/bin/make -f CMakeFiles/cmTryCompileExec4263487105.dir/build.make CMakeFiles/cmTryCompileExec4263487105.dir/build
make[1]: Entering directory `/home/ilab/SSDS_PR17-master/SSDS/eigen3/build_dir/CMakeFiles/CMakeTmp'
/usr/bin/cmake -E cmake_progress_report /home/ilab/SSDS_PR17-master/SSDS/eigen3/build_dir/CMakeFiles/CMakeTmp/CMakeFiles 1
Building CXX object CMakeFiles/cmTryCompileExec4263487105.dir/src.cxx.o
/usr/bin/c++    -pedantic -Wall -Wextra -Wundef -Wcast-align -Wchar-subscripts -Wnon-virtual-dtor -Wunused-local-typedefs -Wpointer-arith -Wwrite-strings -Wformat-security -Wlogical-op -Wdouble-promotion -Wno-psabi -Wno-variadic-macros -Wno-long-long -fno-check-new -fno-common -fstrict-aliasing -ansi -DEIGEN_COMPILER_SUPPORT_CXX11   -std=c++11 -o CMakeFiles/cmTryCompileExec4263487105.dir/src.cxx.o -c /home/ilab/SSDS_PR17-master/SSDS/eigen3/build_dir/CMakeFiles/CMakeTmp/src.cxx
Linking CXX executable cmTryCompileExec4263487105
/usr/bin/cmake -E cmake_link_script CMakeFiles/cmTryCompileExec4263487105.dir/link.txt --verbose=1
/usr/bin/c++    -pedantic -Wall -Wextra -Wundef -Wcast-align -Wchar-subscripts -Wnon-virtual-dtor -Wunused-local-typedefs -Wpointer-arith -Wwrite-strings -Wformat-security -Wlogical-op -Wdouble-promotion -Wno-psabi -Wno-variadic-macros -Wno-long-long -fno-check-new -fno-common -fstrict-aliasing -ansi -DEIGEN_COMPILER_SUPPORT_CXX11    CMakeFiles/cmTryCompileExec4263487105.dir/src.cxx.o  -o cmTryCompileExec4263487105 -rdynamic 
make[1]: Leaving directory `/home/ilab/SSDS_PR17-master/SSDS/eigen3/build_dir/CMakeFiles/CMakeTmp'

Source file was:
int main() { return 0;}
Performing C++ SOURCE FILE Test COMPILER_SUPPORT_FASTMATH succeded with the following output:
Change Dir: /home/ilab/SSDS_PR17-master/SSDS/eigen3/build_dir/CMakeFiles/CMakeTmp

Run Build Command:/usr/bin/make "cmTryCompileExec2745860598/fast"
/usr/bin/make -f CMakeFiles/cmTryCompileExec2745860598.dir/build.make CMakeFiles/cmTryCompileExec2745860598.dir/build
make[1]: Entering directory `/home/ilab/SSDS_PR17-master/SSDS/eigen3/build_dir/CMakeFiles/CMakeTmp'
/usr/bin/cmake -E cmake_progress_report /home/ilab/SSDS_PR17-master/SSDS/eigen3/build_dir/CMakeFiles/CMakeTmp/CMakeFiles 1
Building CXX object CMakeFiles/cmTryCompileExec2745860598.dir/src.cxx.o
/usr/bin/c++    -pedantic -Wall -Wextra -Wundef -Wcast-align -Wchar-subscripts -Wnon-virtual-dtor -Wunused-local-typedefs -Wpointer-arith -Wwrite-strings -Wformat-security -Wlogical-op -Wdouble-promotion -Wno-psabi -Wno-variadic-macros -Wno-long-long -fno-check-new -fno-common -fstrict-aliasing -ansi -DCOMPILER_SUPPORT_FASTMATH   -ffast-math -o CMakeFiles/cmTryCompileExec2745860598.dir/src.cxx.o -c /home/ilab/SSDS_PR17-master/SSDS/eigen3/build_dir/CMakeFiles/CMakeTmp/src.cxx
Linking CXX executable cmTryCompileExec2745860598
/usr/bin/cmake -E cmake_link_script CMakeFiles/cmTryCompileExec2745860598.dir/link.txt --verbose=1
/usr/bin/c++    -pedantic -Wall -Wextra -Wundef -Wcast-align -Wchar-subscripts -Wnon-virtual-dtor -Wunused-local-typedefs -Wpointer-arith -Wwrite-strings -Wformat-security -Wlogical-op -Wdouble-promotion -Wno-psabi -Wno-variadic-macros -Wno-long-long -fno-check-new -fno-common -fstrict-aliasing -ansi -DCOMPILER_SUPPORT_FASTMATH    CMakeFiles/cmTryCompileExec2745860598.dir/src.cxx.o  -o cmTryCompileExec2745860598 -rdynamic 
make[1]: Leaving directory `/home/ilab/SSDS_PR17-master/SSDS/eigen3/build_dir/CMakeFiles/CMakeTmp'

Source file was:
int main() { return 0;}
Determining if files pthread.h exist passed with the following output:
Change Dir: /home/ilab/SSDS_PR17-master/SSDS/eigen3/build_dir/CMakeFiles/CMakeTmp

Run Build Command:/usr/bin/make "cmTryCompileExec3236054487/fast"
/usr/bin/make -f CMakeFiles/cmTryCompileExec3236054487.dir/build.make CMakeFiles/cmTryCompileExec3236054487.dir/build
make[1]: Entering directory `/home/ilab/SSDS_PR17-master/SSDS/eigen3/build_dir/CMakeFiles/CMakeTmp'
/usr/bin/cmake -E cmake_progress_report /home/ilab/SSDS_PR17-master/SSDS/eigen3/build_dir/CMakeFiles/CMakeTmp/CMakeFiles 1
Building C object CMakeFiles/cmTryCompileExec3236054487.dir/CheckIncludeFiles.c.o
/usr/bin/cc    -o CMakeFiles/cmTryCompileExec3236054487.dir/CheckIncludeFiles.c.o   -c /home/ilab/SSDS_PR17-master/SSDS/eigen3/build_dir/CMakeFiles/CMakeTmp/CheckIncludeFiles.c
Linking C executable cmTryCompileExec3236054487
/usr/bin/cmake -E cmake_link_script CMakeFiles/cmTryCompileExec3236054487.dir/link.txt --verbose=1
/usr/bin/cc       CMakeFiles/cmTryCompileExec3236054487.dir/CheckIncludeFiles.c.o  -o cmTryCompileExec3236054487 -rdynamic 
make[1]: Leaving directory `/home/ilab/SSDS_PR17-master/SSDS/eigen3/build_dir/CMakeFiles/CMakeTmp'


Determining if the function pthread_create exists in the pthread passed with the following output:
Change Dir: /home/ilab/SSDS_PR17-master/SSDS/eigen3/build_dir/CMakeFiles/CMakeTmp

Run Build Command:/usr/bin/make "cmTryCompileExec445676730/fast"
/usr/bin/make -f CMakeFiles/cmTryCompileExec445676730.dir/build.make CMakeFiles/cmTryCompileExec445676730.dir/build
make[1]: Entering directory `/home/ilab/SSDS_PR17-master/SSDS/eigen3/build_dir/CMakeFiles/CMakeTmp'
/usr/bin/cmake -E cmake_progress_report /home/ilab/SSDS_PR17-master/SSDS/eigen3/build_dir/CMakeFiles/CMakeTmp/CMakeFiles 1
Building C object CMakeFiles/cmTryCompileExec445676730.dir/CheckFunctionExists.c.o
/usr/bin/cc   -DCHECK_FUNCTION_EXISTS=pthread_create   -o CMakeFiles/cmTryCompileExec445676730.dir/CheckFunctionExists.c.o   -c /usr/share/cmake-2.8/Modules/CheckFunctionExists.c
Linking C executable cmTryCompileExec445676730
/usr/bin/cmake -E cmake_link_script CMakeFiles/cmTryCompileExec445676730.dir/link.txt --verbose=1
/usr/bin/cc   -DCHECK_FUNCTION_EXISTS=pthread_create    CMakeFiles/cmTryCompileExec445676730.dir/CheckFunctionExists.c.o  -o cmTryCompileExec445676730 -rdynamic -lpthread 
make[1]: Leaving directory `/home/ilab/SSDS_PR17-master/SSDS/eigen3/build_dir/CMakeFiles/CMakeTmp'


Determining if the function XOpenDisplay exists in the /usr/lib/x86_64-linux-gnu/libX11.so;/usr/lib/x86_64-linux-gnu/libXext.so passed with the following output:
Change Dir: /home/ilab/SSDS_PR17-master/SSDS/eigen3/build_dir/CMakeFiles/CMakeTmp

Run Build Command:/usr/bin/make "cmTryCompileExec1365862782/fast"
/usr/bin/make -f CMakeFiles/cmTryCompileExec1365862782.dir/build.make CMakeFiles/cmTryCompileExec1365862782.dir/build
make[1]: Entering directory `/home/ilab/SSDS_PR17-master/SSDS/eigen3/build_dir/CMakeFiles/CMakeTmp'
/usr/bin/cmake -E cmake_progress_report /home/ilab/SSDS_PR17-master/SSDS/eigen3/build_dir/CMakeFiles/CMakeTmp/CMakeFiles 1
Building C object CMakeFiles/cmTryCompileExec1365862782.dir/CheckFunctionExists.c.o
/usr/bin/cc   -DCHECK_FUNCTION_EXISTS=XOpenDisplay   -o CMakeFiles/cmTryCompileExec1365862782.dir/CheckFunctionExists.c.o   -c /usr/share/cmake-2.8/Modules/CheckFunctionExists.c
Linking C executable cmTryCompileExec1365862782
/usr/bin/cmake -E cmake_link_script CMakeFiles/cmTryCompileExec1365862782.dir/link.txt --verbose=1
/usr/bin/cc   -DCHECK_FUNCTION_EXISTS=XOpenDisplay    CMakeFiles/cmTryCompileExec1365862782.dir/CheckFunctionExists.c.o  -o cmTryCompileExec1365862782 -rdynamic -lX11 -lXext 
make[1]: Leaving directory `/home/ilab/SSDS_PR17-master/SSDS/eigen3/build_dir/CMakeFiles/CMakeTmp'


Determining if the function gethostbyname exists passed with the following output:
Change Dir: /home/ilab/SSDS_PR17-master/SSDS/eigen3/build_dir/CMakeFiles/CMakeTmp

Run Build Command:/usr/bin/make "cmTryCompileExec1461366933/fast"
/usr/bin/make -f CMakeFiles/cmTryCompileExec1461366933.dir/build.make CMakeFiles/cmTryCompileExec1461366933.dir/build
make[1]: Entering directory `/home/ilab/SSDS_PR17-master/SSDS/eigen3/build_dir/CMakeFiles/CMakeTmp'
/usr/bin/cmake -E cmake_progress_report /home/ilab/SSDS_PR17-master/SSDS/eigen3/build_dir/CMakeFiles/CMakeTmp/CMakeFiles 1
Building C object CMakeFiles/cmTryCompileExec1461366933.dir/CheckFunctionExists.c.o
/usr/bin/cc   -DCHECK_FUNCTION_EXISTS=gethostbyname   -o CMakeFiles/cmTryCompileExec1461366933.dir/CheckFunctionExists.c.o   -c /usr/share/cmake-2.8/Modules/CheckFunctionExists.c
Linking C executable cmTryCompileExec1461366933
/usr/bin/cmake -E cmake_link_script CMakeFiles/cmTryCompileExec1461366933.dir/link.txt --verbose=1
/usr/bin/cc   -DCHECK_FUNCTION_EXISTS=gethostbyname    CMakeFiles/cmTryCompileExec1461366933.dir/CheckFunctionExists.c.o  -o cmTryCompileExec1461366933 -rdynamic 
make[1]: Leaving directory `/home/ilab/SSDS_PR17-master/SSDS/eigen3/build_dir/CMakeFiles/CMakeTmp'


Determining if the function connect exists passed with the following output:
Change Dir: /home/ilab/SSDS_PR17-master/SSDS/eigen3/build_dir/CMakeFiles/CMakeTmp

Run Build Command:/usr/bin/make "cmTryCompileExec5825359/fast"
/usr/bin/make -f CMakeFiles/cmTryCompileExec5825359.dir/build.make CMakeFiles/cmTryCompileExec5825359.dir/build
make[1]: Entering directory `/home/ilab/SSDS_PR17-master/SSDS/eigen3/build_dir/CMakeFiles/CMakeTmp'
/usr/bin/cmake -E cmake_progress_report /home/ilab/SSDS_PR17-master/SSDS/eigen3/build_dir/CMakeFiles/CMakeTmp/CMakeFiles 1
Building C object CMakeFiles/cmTryCompileExec5825359.dir/CheckFunctionExists.c.o
/usr/bin/cc   -DCHECK_FUNCTION_EXISTS=connect   -o CMakeFiles/cmTryCompileExec5825359.dir/CheckFunctionExists.c.o   -c /usr/share/cmake-2.8/Modules/CheckFunctionExists.c
Linking C executable cmTryCompileExec5825359
/usr/bin/cmake -E cmake_link_script CMakeFiles/cmTryCompileExec5825359.dir/link.txt --verbose=1
/usr/bin/cc   -DCHECK_FUNCTION_EXISTS=connect    CMakeFiles/cmTryCompileExec5825359.dir/CheckFunctionExists.c.o  -o cmTryCompileExec5825359 -rdynamic 
make[1]: Leaving directory `/home/ilab/SSDS_PR17-master/SSDS/eigen3/build_dir/CMakeFiles/CMakeTmp'


Determining if the function remove exists passed with the following output:
Change Dir: /home/ilab/SSDS_PR17-master/SSDS/eigen3/build_dir/CMakeFiles/CMakeTmp

Run Build Command:/usr/bin/make "cmTryCompileExec2951107285/fast"
/usr/bin/make -f CMakeFiles/cmTryCompileExec2951107285.dir/build.make CMakeFiles/cmTryCompileExec2951107285.dir/build
make[1]: Entering directory `/home/ilab/SSDS_PR17-master/SSDS/eigen3/build_dir/CMakeFiles/CMakeTmp'
/usr/bin/cmake -E cmake_progress_report /home/ilab/SSDS_PR17-master/SSDS/eigen3/build_dir/CMakeFiles/CMakeTmp/CMakeFiles 1
Building C object CMakeFiles/cmTryCompileExec2951107285.dir/CheckFunctionExists.c.o
/usr/bin/cc   -DCHECK_FUNCTION_EXISTS=remove   -o CMakeFiles/cmTryCompileExec2951107285.dir/CheckFunctionExists.c.o   -c /usr/share/cmake-2.8/Modules/CheckFunctionExists.c
Linking C executable cmTryCompileExec2951107285
/usr/bin/cmake -E cmake_link_script CMakeFiles/cmTryCompileExec2951107285.dir/link.txt --verbose=1
/usr/bin/cc   -DCHECK_FUNCTION_EXISTS=remove    CMakeFiles/cmTryCompileExec2951107285.dir/CheckFunctionExists.c.o  -o cmTryCompileExec2951107285 -rdynamic 
make[1]: Leaving directory `/home/ilab/SSDS_PR17-master/SSDS/eigen3/build_dir/CMakeFiles/CMakeTmp'


Determining if the function shmat exists passed with the following output:
Change Dir: /home/ilab/SSDS_PR17-master/SSDS/eigen3/build_dir/CMakeFiles/CMakeTmp

Run Build Command:/usr/bin/make "cmTryCompileExec3006176392/fast"
/usr/bin/make -f CMakeFiles/cmTryCompileExec3006176392.dir/build.make CMakeFiles/cmTryCompileExec3006176392.dir/build
make[1]: Entering directory `/home/ilab/SSDS_PR17-master/SSDS/eigen3/build_dir/CMakeFiles/CMakeTmp'
/usr/bin/cmake -E cmake_progress_report /home/ilab/SSDS_PR17-master/SSDS/eigen3/build_dir/CMakeFiles/CMakeTmp/CMakeFiles 1
Building C object CMakeFiles/cmTryCompileExec3006176392.dir/CheckFunctionExists.c.o
/usr/bin/cc   -DCHECK_FUNCTION_EXISTS=shmat   -o CMakeFiles/cmTryCompileExec3006176392.dir/CheckFunctionExists.c.o   -c /usr/share/cmake-2.8/Modules/CheckFunctionExists.c
Linking C executable cmTryCompileExec3006176392
/usr/bin/cmake -E cmake_link_script CMakeFiles/cmTryCompileExec3006176392.dir/link.txt --verbose=1
/usr/bin/cc   -DCHECK_FUNCTION_EXISTS=shmat    CMakeFiles/cmTryCompileExec3006176392.dir/CheckFunctionExists.c.o  -o cmTryCompileExec3006176392 -rdynamic 
make[1]: Leaving directory `/home/ilab/SSDS_PR17-master/SSDS/eigen3/build_dir/CMakeFiles/CMakeTmp'


Determining if the function IceConnectionNumber exists in the ICE passed with the following output:
Change Dir: /home/ilab/SSDS_PR17-master/SSDS/eigen3/build_dir/CMakeFiles/CMakeTmp

Run Build Command:/usr/bin/make "cmTryCompileExec746413954/fast"
/usr/bin/make -f CMakeFiles/cmTryCompileExec746413954.dir/build.make CMakeFiles/cmTryCompileExec746413954.dir/build
make[1]: Entering directory `/home/ilab/SSDS_PR17-master/SSDS/eigen3/build_dir/CMakeFiles/CMakeTmp'
/usr/bin/cmake -E cmake_progress_report /home/ilab/SSDS_PR17-master/SSDS/eigen3/build_dir/CMakeFiles/CMakeTmp/CMakeFiles 1
Building C object CMakeFiles/cmTryCompileExec746413954.dir/CheckFunctionExists.c.o
/usr/bin/cc   -DCHECK_FUNCTION_EXISTS=IceConnectionNumber   -o CMakeFiles/cmTryCompileExec746413954.dir/CheckFunctionExists.c.o   -c /usr/share/cmake-2.8/Modules/CheckFunctionExists.c
Linking C executable cmTryCompileExec746413954
/usr/bin/cmake -E cmake_link_script CMakeFiles/cmTryCompileExec746413954.dir/link.txt --verbose=1
/usr/bin/cc   -DCHECK_FUNCTION_EXISTS=IceConnectionNumber    CMakeFiles/cmTryCompileExec746413954.dir/CheckFunctionExists.c.o  -o cmTryCompileExec746413954 -rdynamic -lICE 
make[1]: Leaving directory `/home/ilab/SSDS_PR17-master/SSDS/eigen3/build_dir/CMakeFiles/CMakeTmp'


